2019-09-13 23:31:13.896  INFO 6048 --- [main] c.s.cloud.file.FileCloudApplication      : Starting FileCloudApplication on PC-201809130123 with PID 6048 (F:\SINOTHK\IT\Workspace\Clouds\FileCloud\target\classes started by Administrator in F:\SINOTHK\IT\Workspace\Clouds\FileCloud)
2019-09-13 23:31:13.898 DEBUG 6048 --- [main] c.s.cloud.file.FileCloudApplication      : Running with Spring Boot v2.1.8.RELEASE, Spring v5.1.9.RELEASE
2019-09-13 23:31:13.899  INFO 6048 --- [main] c.s.cloud.file.FileCloudApplication      : No active profile set, falling back to default profiles: default
2019-09-13 23:31:15.131  INFO 6048 --- [main] trationDelegate$BeanPostProcessorChecker : Bean 'org.springframework.transaction.annotation.ProxyTransactionManagementConfiguration' of type [org.springframework.transaction.annotation.ProxyTransactionManagementConfiguration$$EnhancerBySpringCGLIB$$9bfef87e] is not eligible for getting processed by all BeanPostProcessors (for example: not eligible for auto-proxying)
2019-09-13 23:31:15.363  INFO 6048 --- [main] o.s.b.w.embedded.tomcat.TomcatWebServer  : Tomcat initialized with port(s): 70000 (http)
2019-09-13 23:31:15.380  INFO 6048 --- [main] o.apache.catalina.core.StandardService   : Starting service [Tomcat]
2019-09-13 23:31:15.380  INFO 6048 --- [main] org.apache.catalina.core.StandardEngine  : Starting Servlet engine: [Apache Tomcat/9.0.24]
2019-09-13 23:31:15.387  INFO 6048 --- [main] o.a.catalina.core.AprLifecycleListener   : An older version [1.2.14] of the APR based Apache Tomcat Native library is installed, while Tomcat recommends a minimum version of [1.2.23]
2019-09-13 23:31:15.387  INFO 6048 --- [main] o.a.catalina.core.AprLifecycleListener   : Loaded APR based Apache Tomcat Native library [1.2.14] using APR version [1.6.2].
2019-09-13 23:31:15.387  INFO 6048 --- [main] o.a.catalina.core.AprLifecycleListener   : APR capabilities: IPv6 [true], sendfile [true], accept filters [false], random [true].
2019-09-13 23:31:15.387  INFO 6048 --- [main] o.a.catalina.core.AprLifecycleListener   : APR/OpenSSL configuration: useAprConnector [false], useOpenSSL [true]
2019-09-13 23:31:16.452  INFO 6048 --- [main] o.a.catalina.core.AprLifecycleListener   : OpenSSL successfully initialized [OpenSSL 1.0.2l  25 May 2017]
2019-09-13 23:31:16.548  INFO 6048 --- [main] o.a.c.c.C.[Tomcat].[localhost].[/]       : Initializing Spring embedded WebApplicationContext
2019-09-13 23:31:16.549 DEBUG 6048 --- [main] o.s.web.context.ContextLoader            : Published root WebApplicationContext as ServletContext attribute with name [org.springframework.web.context.WebApplicationContext.ROOT]
2019-09-13 23:31:16.549  INFO 6048 --- [main] o.s.web.context.ContextLoader            : Root WebApplicationContext: initialization completed in 2607 ms
2019-09-13 23:31:16.718  INFO 6048 --- [main] com.zaxxer.hikari.HikariDataSource       : HikariPool-1 - Starting...
2019-09-13 23:31:17.082  INFO 6048 --- [main] com.zaxxer.hikari.HikariDataSource       : HikariPool-1 - Start completed.
2019-09-13 23:31:17.541 DEBUG 6048 --- [main] s.w.s.m.m.a.RequestMappingHandlerMapping : 12 mappings in 'requestMappingHandlerMapping'
2019-09-13 23:31:17.597  INFO 6048 --- [main] pertySourcedRequestMappingHandlerMapping : Mapped URL path [/v2/api-docs] onto method [public org.springframework.http.ResponseEntity<springfox.documentation.spring.web.json.Json> springfox.documentation.swagger2.web.Swagger2Controller.getDocumentation(java.lang.String,javax.servlet.http.HttpServletRequest)]
2019-09-13 23:31:17.633 DEBUG 6048 --- [main] o.s.w.s.handler.SimpleUrlHandlerMapping  : Patterns [/**/favicon.ico] in 'faviconHandlerMapping'
2019-09-13 23:31:17.691  INFO 6048 --- [main] o.s.s.concurrent.ThreadPoolTaskExecutor  : Initializing ExecutorService 'applicationTaskExecutor'
2019-09-13 23:31:17.730 DEBUG 6048 --- [main] s.w.s.m.m.a.RequestMappingHandlerAdapter : ControllerAdvice beans: 0 @ModelAttribute, 0 @InitBinder, 1 RequestBodyAdvice, 1 ResponseBodyAdvice
2019-09-13 23:31:17.872 DEBUG 6048 --- [main] o.s.w.s.handler.SimpleUrlHandlerMapping  : Patterns [/webjars/**, /**] in 'resourceHandlerMapping'
2019-09-13 23:31:17.880 DEBUG 6048 --- [main] .m.m.a.ExceptionHandlerExceptionResolver : ControllerAdvice beans: 0 @ExceptionHandler, 1 ResponseBodyAdvice
2019-09-13 23:31:17.989  INFO 6048 --- [main] d.s.w.p.DocumentationPluginsBootstrapper : Context refreshed
2019-09-13 23:31:18.005  INFO 6048 --- [main] d.s.w.p.DocumentationPluginsBootstrapper : Found 1 custom documentation plugin(s)
2019-09-13 23:31:18.033  INFO 6048 --- [main] s.d.s.w.s.ApiListingReferenceScanner     : Scanning for api listing references
2019-09-13 23:31:18.277 ERROR 6048 --- [main] org.apache.catalina.util.LifecycleBase   : Failed to start component [Connector[HTTP/1.1-70000]]

org.apache.catalina.LifecycleException: Protocol handler start failed
	at org.apache.catalina.connector.Connector.startInternal(Connector.java:1008) ~[tomcat-embed-core-9.0.24.jar:9.0.24]
	at org.apache.catalina.util.LifecycleBase.start(LifecycleBase.java:183) ~[tomcat-embed-core-9.0.24.jar:9.0.24]
	at org.apache.catalina.core.StandardService.addConnector(StandardService.java:227) [tomcat-embed-core-9.0.24.jar:9.0.24]
	at org.springframework.boot.web.embedded.tomcat.TomcatWebServer.addPreviouslyRemovedConnectors(TomcatWebServer.java:263) [spring-boot-2.1.8.RELEASE.jar:2.1.8.RELEASE]
	at org.springframework.boot.web.embedded.tomcat.TomcatWebServer.start(TomcatWebServer.java:195) [spring-boot-2.1.8.RELEASE.jar:2.1.8.RELEASE]
	at org.springframework.boot.web.servlet.context.ServletWebServerApplicationContext.startWebServer(ServletWebServerApplicationContext.java:297) [spring-boot-2.1.8.RELEASE.jar:2.1.8.RELEASE]
	at org.springframework.boot.web.servlet.context.ServletWebServerApplicationContext.finishRefresh(ServletWebServerApplicationContext.java:163) [spring-boot-2.1.8.RELEASE.jar:2.1.8.RELEASE]
	at org.springframework.context.support.AbstractApplicationContext.refresh(AbstractApplicationContext.java:552) [spring-context-5.1.9.RELEASE.jar:5.1.9.RELEASE]
	at org.springframework.boot.web.servlet.context.ServletWebServerApplicationContext.refresh(ServletWebServerApplicationContext.java:141) [spring-boot-2.1.8.RELEASE.jar:2.1.8.RELEASE]
	at org.springframework.boot.SpringApplication.refresh(SpringApplication.java:744) [spring-boot-2.1.8.RELEASE.jar:2.1.8.RELEASE]
	at org.springframework.boot.SpringApplication.refreshContext(SpringApplication.java:391) [spring-boot-2.1.8.RELEASE.jar:2.1.8.RELEASE]
	at org.springframework.boot.SpringApplication.run(SpringApplication.java:312) [spring-boot-2.1.8.RELEASE.jar:2.1.8.RELEASE]
	at org.springframework.boot.SpringApplication.run(SpringApplication.java:1215) [spring-boot-2.1.8.RELEASE.jar:2.1.8.RELEASE]
	at org.springframework.boot.SpringApplication.run(SpringApplication.java:1204) [spring-boot-2.1.8.RELEASE.jar:2.1.8.RELEASE]
	at com.sinothk.cloud.file.FileCloudApplication.main(FileCloudApplication.java:17) [classes/:na]
Caused by: java.lang.IllegalArgumentException: port out of range:70000
	at java.net.InetSocketAddress.checkPort(InetSocketAddress.java:143) ~[na:1.8.0_221]
	at java.net.InetSocketAddress.<init>(InetSocketAddress.java:188) ~[na:1.8.0_221]
	at org.apache.tomcat.util.net.NioEndpoint.initServerSocket(NioEndpoint.java:229) ~[tomcat-embed-core-9.0.24.jar:9.0.24]
	at org.apache.tomcat.util.net.NioEndpoint.bind(NioEndpoint.java:213) ~[tomcat-embed-core-9.0.24.jar:9.0.24]
	at org.apache.tomcat.util.net.AbstractEndpoint.bindWithCleanup(AbstractEndpoint.java:1124) ~[tomcat-embed-core-9.0.24.jar:9.0.24]
	at org.apache.tomcat.util.net.AbstractEndpoint.start(AbstractEndpoint.java:1210) ~[tomcat-embed-core-9.0.24.jar:9.0.24]
	at org.apache.coyote.AbstractProtocol.start(AbstractProtocol.java:585) ~[tomcat-embed-core-9.0.24.jar:9.0.24]
	at org.apache.catalina.connector.Connector.startInternal(Connector.java:1005) ~[tomcat-embed-core-9.0.24.jar:9.0.24]
	... 14 common frames omitted

2019-09-13 23:31:18.281  INFO 6048 --- [main] o.apache.catalina.core.StandardService   : Stopping service [Tomcat]
2019-09-13 23:31:18.288  INFO 6048 --- [main] ConditionEvaluationReportLoggingListener : 

Error starting ApplicationContext. To display the conditions report re-run your application with 'debug' enabled.
2019-09-13 23:31:18.292 ERROR 6048 --- [main] o.s.b.d.LoggingFailureAnalysisReporter   : 

***************************
APPLICATION FAILED TO START
***************************

Description:

The Tomcat connector configured to listen on port 70000 failed to start. The port may already be in use or the connector may be misconfigured.

Action:

Verify the connector's configuration, identify and stop any process that's listening on port 70000, or configure this application to listen on another port.

2019-09-13 23:31:18.295  INFO 6048 --- [main] o.s.s.concurrent.ThreadPoolTaskExecutor  : Shutting down ExecutorService 'applicationTaskExecutor'
2019-09-13 23:31:18.297  INFO 6048 --- [main] com.zaxxer.hikari.HikariDataSource       : HikariPool-1 - Shutdown initiated...
2019-09-13 23:31:18.300  INFO 6048 --- [main] com.zaxxer.hikari.HikariDataSource       : HikariPool-1 - Shutdown completed.
2019-09-13 23:32:25.160  INFO 15376 --- [main] c.s.cloud.file.FileCloudApplication      : Starting FileCloudApplication on PC-201809130123 with PID 15376 (F:\SINOTHK\IT\Workspace\Clouds\FileCloud\target\classes started by Administrator in F:\SINOTHK\IT\Workspace\Clouds\FileCloud)
2019-09-13 23:32:25.163 DEBUG 15376 --- [main] c.s.cloud.file.FileCloudApplication      : Running with Spring Boot v2.1.8.RELEASE, Spring v5.1.9.RELEASE
2019-09-13 23:32:25.164  INFO 15376 --- [main] c.s.cloud.file.FileCloudApplication      : No active profile set, falling back to default profiles: default
2019-09-13 23:32:26.241  INFO 15376 --- [main] trationDelegate$BeanPostProcessorChecker : Bean 'org.springframework.transaction.annotation.ProxyTransactionManagementConfiguration' of type [org.springframework.transaction.annotation.ProxyTransactionManagementConfiguration$$EnhancerBySpringCGLIB$$32417f05] is not eligible for getting processed by all BeanPostProcessors (for example: not eligible for auto-proxying)
2019-09-13 23:32:26.512  INFO 15376 --- [main] o.s.b.w.embedded.tomcat.TomcatWebServer  : Tomcat initialized with port(s): 7000 (http)
2019-09-13 23:32:26.537  INFO 15376 --- [main] o.apache.catalina.core.StandardService   : Starting service [Tomcat]
2019-09-13 23:32:26.538  INFO 15376 --- [main] org.apache.catalina.core.StandardEngine  : Starting Servlet engine: [Apache Tomcat/9.0.24]
2019-09-13 23:32:26.547  INFO 15376 --- [main] o.a.catalina.core.AprLifecycleListener   : An older version [1.2.14] of the APR based Apache Tomcat Native library is installed, while Tomcat recommends a minimum version of [1.2.23]
2019-09-13 23:32:26.547  INFO 15376 --- [main] o.a.catalina.core.AprLifecycleListener   : Loaded APR based Apache Tomcat Native library [1.2.14] using APR version [1.6.2].
2019-09-13 23:32:26.548  INFO 15376 --- [main] o.a.catalina.core.AprLifecycleListener   : APR capabilities: IPv6 [true], sendfile [true], accept filters [false], random [true].
2019-09-13 23:32:26.548  INFO 15376 --- [main] o.a.catalina.core.AprLifecycleListener   : APR/OpenSSL configuration: useAprConnector [false], useOpenSSL [true]
2019-09-13 23:32:27.582  INFO 15376 --- [main] o.a.catalina.core.AprLifecycleListener   : OpenSSL successfully initialized [OpenSSL 1.0.2l  25 May 2017]
2019-09-13 23:32:27.676  INFO 15376 --- [main] o.a.c.c.C.[Tomcat].[localhost].[/]       : Initializing Spring embedded WebApplicationContext
2019-09-13 23:32:27.677 DEBUG 15376 --- [main] o.s.web.context.ContextLoader            : Published root WebApplicationContext as ServletContext attribute with name [org.springframework.web.context.WebApplicationContext.ROOT]
2019-09-13 23:32:27.677  INFO 15376 --- [main] o.s.web.context.ContextLoader            : Root WebApplicationContext: initialization completed in 2470 ms
2019-09-13 23:32:27.821  INFO 15376 --- [main] com.zaxxer.hikari.HikariDataSource       : HikariPool-1 - Starting...
2019-09-13 23:32:27.917  INFO 15376 --- [main] com.zaxxer.hikari.HikariDataSource       : HikariPool-1 - Start completed.
2019-09-13 23:32:28.384 DEBUG 15376 --- [main] s.w.s.m.m.a.RequestMappingHandlerMapping : 12 mappings in 'requestMappingHandlerMapping'
2019-09-13 23:32:28.437  INFO 15376 --- [main] pertySourcedRequestMappingHandlerMapping : Mapped URL path [/v2/api-docs] onto method [public org.springframework.http.ResponseEntity<springfox.documentation.spring.web.json.Json> springfox.documentation.swagger2.web.Swagger2Controller.getDocumentation(java.lang.String,javax.servlet.http.HttpServletRequest)]
2019-09-13 23:32:28.471 DEBUG 15376 --- [main] o.s.w.s.handler.SimpleUrlHandlerMapping  : Patterns [/**/favicon.ico] in 'faviconHandlerMapping'
2019-09-13 23:32:28.529  INFO 15376 --- [main] o.s.s.concurrent.ThreadPoolTaskExecutor  : Initializing ExecutorService 'applicationTaskExecutor'
2019-09-13 23:32:28.560 DEBUG 15376 --- [main] s.w.s.m.m.a.RequestMappingHandlerAdapter : ControllerAdvice beans: 0 @ModelAttribute, 0 @InitBinder, 1 RequestBodyAdvice, 1 ResponseBodyAdvice
2019-09-13 23:32:28.584 DEBUG 15376 --- [main] o.s.w.s.handler.SimpleUrlHandlerMapping  : Patterns [/webjars/**, /**] in 'resourceHandlerMapping'
2019-09-13 23:32:28.591 DEBUG 15376 --- [main] .m.m.a.ExceptionHandlerExceptionResolver : ControllerAdvice beans: 0 @ExceptionHandler, 1 ResponseBodyAdvice
2019-09-13 23:32:28.677  INFO 15376 --- [main] d.s.w.p.DocumentationPluginsBootstrapper : Context refreshed
2019-09-13 23:32:28.691  INFO 15376 --- [main] d.s.w.p.DocumentationPluginsBootstrapper : Found 1 custom documentation plugin(s)
2019-09-13 23:32:28.714  INFO 15376 --- [main] s.d.s.w.s.ApiListingReferenceScanner     : Scanning for api listing references
2019-09-13 23:32:28.882  INFO 15376 --- [main] o.s.b.w.embedded.tomcat.TomcatWebServer  : Tomcat started on port(s): 7000 (http) with context path ''
2019-09-13 23:32:28.885  INFO 15376 --- [main] c.s.cloud.file.FileCloudApplication      : Started FileCloudApplication in 4.032 seconds (JVM running for 4.797)
2019-09-13 23:33:05.663  INFO 15376 --- [http-nio-7000-exec-1] o.a.c.c.C.[Tomcat].[localhost].[/]       : Initializing Spring DispatcherServlet 'dispatcherServlet'
2019-09-13 23:33:05.663  INFO 15376 --- [http-nio-7000-exec-1] o.s.web.servlet.DispatcherServlet        : Initializing Servlet 'dispatcherServlet'
2019-09-13 23:33:05.664 DEBUG 15376 --- [http-nio-7000-exec-1] o.s.web.servlet.DispatcherServlet        : Detected StandardServletMultipartResolver
2019-09-13 23:33:05.670 DEBUG 15376 --- [http-nio-7000-exec-1] o.s.web.servlet.DispatcherServlet        : enableLoggingRequestDetails='false': request parameters and headers will be masked to prevent unsafe logging of potentially sensitive data
2019-09-13 23:33:05.670  INFO 15376 --- [http-nio-7000-exec-1] o.s.web.servlet.DispatcherServlet        : Completed initialization in 6 ms
2019-09-13 23:33:05.680 DEBUG 15376 --- [http-nio-7000-exec-1] o.s.web.servlet.DispatcherServlet        : GET "/favicon.ico", parameters={}
2019-09-13 23:33:05.680 DEBUG 15376 --- [http-nio-7000-exec-2] o.s.web.servlet.DispatcherServlet        : GET "/file-cloud/doc.html", parameters={}
2019-09-13 23:33:05.705 DEBUG 15376 --- [http-nio-7000-exec-1] o.s.w.s.handler.SimpleUrlHandlerMapping  : Mapped to ResourceHttpRequestHandler [URL [file:E:/SINOTHK/serverVMFiles/sinothk/], ServletContext resource [/], class path resource []]
2019-09-13 23:33:05.709 DEBUG 15376 --- [http-nio-7000-exec-2] o.s.w.s.handler.SimpleUrlHandlerMapping  : Mapped to ResourceHttpRequestHandler ["file:E:/SINOTHK/serverVMFiles/sinothk/", "/"]
2019-09-13 23:33:05.716 DEBUG 15376 --- [http-nio-7000-exec-2] o.s.w.s.r.ResourceHttpRequestHandler     : Resource not found
2019-09-13 23:33:05.716 DEBUG 15376 --- [http-nio-7000-exec-2] o.s.web.servlet.DispatcherServlet        : Completed 404 NOT_FOUND
2019-09-13 23:33:05.725 DEBUG 15376 --- [http-nio-7000-exec-2] o.s.web.servlet.DispatcherServlet        : "ERROR" dispatch for GET "/error", parameters={}
2019-09-13 23:33:05.727 DEBUG 15376 --- [http-nio-7000-exec-2] s.w.s.m.m.a.RequestMappingHandlerMapping : Mapped to public org.springframework.web.servlet.ModelAndView org.springframework.boot.autoconfigure.web.servlet.error.BasicErrorController.errorHtml(javax.servlet.http.HttpServletRequest,javax.servlet.http.HttpServletResponse)
2019-09-13 23:33:05.732 DEBUG 15376 --- [http-nio-7000-exec-1] o.s.web.servlet.DispatcherServlet        : Completed 200 OK
2019-09-13 23:33:05.749 DEBUG 15376 --- [http-nio-7000-exec-2] o.s.w.s.v.ContentNegotiatingViewResolver : Selected 'text/html' given [text/html, text/html;q=0.8]
2019-09-13 23:33:05.753 DEBUG 15376 --- [http-nio-7000-exec-2] o.s.web.servlet.DispatcherServlet        : Exiting from "ERROR" dispatch, status 404
2019-09-13 23:33:38.517 DEBUG 15376 --- [http-nio-7000-exec-4] o.s.web.servlet.DispatcherServlet        : GET "/file-cloud/doc.html", parameters={}
2019-09-13 23:33:38.518 DEBUG 15376 --- [http-nio-7000-exec-4] o.s.w.s.handler.SimpleUrlHandlerMapping  : Mapped to ResourceHttpRequestHandler ["file:E:/SINOTHK/serverVMFiles/sinothk/", "/"]
2019-09-13 23:33:38.520 DEBUG 15376 --- [http-nio-7000-exec-4] o.s.w.s.r.ResourceHttpRequestHandler     : Resource not found
2019-09-13 23:33:38.520 DEBUG 15376 --- [http-nio-7000-exec-4] o.s.web.servlet.DispatcherServlet        : Completed 404 NOT_FOUND
2019-09-13 23:33:38.521 DEBUG 15376 --- [http-nio-7000-exec-4] o.s.web.servlet.DispatcherServlet        : "ERROR" dispatch for GET "/error", parameters={}
2019-09-13 23:33:38.522 DEBUG 15376 --- [http-nio-7000-exec-4] s.w.s.m.m.a.RequestMappingHandlerMapping : Mapped to public org.springframework.web.servlet.ModelAndView org.springframework.boot.autoconfigure.web.servlet.error.BasicErrorController.errorHtml(javax.servlet.http.HttpServletRequest,javax.servlet.http.HttpServletResponse)
2019-09-13 23:33:38.523 DEBUG 15376 --- [http-nio-7000-exec-4] o.s.w.s.v.ContentNegotiatingViewResolver : Selected 'text/html' given [text/html, text/html;q=0.8]
2019-09-13 23:33:38.523 DEBUG 15376 --- [http-nio-7000-exec-4] o.s.web.servlet.DispatcherServlet        : Exiting from "ERROR" dispatch, status 404
2019-09-13 23:34:18.480  INFO 20672 --- [main] c.s.cloud.file.FileCloudApplication      : Starting FileCloudApplication on PC-201809130123 with PID 20672 (F:\SINOTHK\IT\Workspace\Clouds\FileCloud\target\classes started by Administrator in F:\SINOTHK\IT\Workspace\Clouds\FileCloud)
2019-09-13 23:34:18.482 DEBUG 20672 --- [main] c.s.cloud.file.FileCloudApplication      : Running with Spring Boot v2.1.8.RELEASE, Spring v5.1.9.RELEASE
2019-09-13 23:34:18.483  INFO 20672 --- [main] c.s.cloud.file.FileCloudApplication      : No active profile set, falling back to default profiles: default
2019-09-13 23:34:19.441  INFO 20672 --- [main] trationDelegate$BeanPostProcessorChecker : Bean 'org.springframework.transaction.annotation.ProxyTransactionManagementConfiguration' of type [org.springframework.transaction.annotation.ProxyTransactionManagementConfiguration$$EnhancerBySpringCGLIB$$d61747a1] is not eligible for getting processed by all BeanPostProcessors (for example: not eligible for auto-proxying)
2019-09-13 23:34:19.643  INFO 20672 --- [main] o.s.b.w.embedded.tomcat.TomcatWebServer  : Tomcat initialized with port(s): 7000 (http)
2019-09-13 23:34:19.662  INFO 20672 --- [main] o.apache.catalina.core.StandardService   : Starting service [Tomcat]
2019-09-13 23:34:19.662  INFO 20672 --- [main] org.apache.catalina.core.StandardEngine  : Starting Servlet engine: [Apache Tomcat/9.0.24]
2019-09-13 23:34:19.668  INFO 20672 --- [main] o.a.catalina.core.AprLifecycleListener   : An older version [1.2.14] of the APR based Apache Tomcat Native library is installed, while Tomcat recommends a minimum version of [1.2.23]
2019-09-13 23:34:19.668  INFO 20672 --- [main] o.a.catalina.core.AprLifecycleListener   : Loaded APR based Apache Tomcat Native library [1.2.14] using APR version [1.6.2].
2019-09-13 23:34:19.668  INFO 20672 --- [main] o.a.catalina.core.AprLifecycleListener   : APR capabilities: IPv6 [true], sendfile [true], accept filters [false], random [true].
2019-09-13 23:34:19.668  INFO 20672 --- [main] o.a.catalina.core.AprLifecycleListener   : APR/OpenSSL configuration: useAprConnector [false], useOpenSSL [true]
2019-09-13 23:34:20.707  INFO 20672 --- [main] o.a.catalina.core.AprLifecycleListener   : OpenSSL successfully initialized [OpenSSL 1.0.2l  25 May 2017]
2019-09-13 23:34:20.799  INFO 20672 --- [main] o.a.c.c.C.[Tomcat].[localhost].[/]       : Initializing Spring embedded WebApplicationContext
2019-09-13 23:34:20.800 DEBUG 20672 --- [main] o.s.web.context.ContextLoader            : Published root WebApplicationContext as ServletContext attribute with name [org.springframework.web.context.WebApplicationContext.ROOT]
2019-09-13 23:34:20.800  INFO 20672 --- [main] o.s.web.context.ContextLoader            : Root WebApplicationContext: initialization completed in 2258 ms
2019-09-13 23:34:20.939  INFO 20672 --- [main] com.zaxxer.hikari.HikariDataSource       : HikariPool-1 - Starting...
2019-09-13 23:34:21.033  INFO 20672 --- [main] com.zaxxer.hikari.HikariDataSource       : HikariPool-1 - Start completed.
2019-09-13 23:34:21.442 DEBUG 20672 --- [main] s.w.s.m.m.a.RequestMappingHandlerMapping : 12 mappings in 'requestMappingHandlerMapping'
2019-09-13 23:34:21.496  INFO 20672 --- [main] pertySourcedRequestMappingHandlerMapping : Mapped URL path [/v2/api-docs] onto method [public org.springframework.http.ResponseEntity<springfox.documentation.spring.web.json.Json> springfox.documentation.swagger2.web.Swagger2Controller.getDocumentation(java.lang.String,javax.servlet.http.HttpServletRequest)]
2019-09-13 23:34:21.529 DEBUG 20672 --- [main] o.s.w.s.handler.SimpleUrlHandlerMapping  : Patterns [/**/favicon.ico] in 'faviconHandlerMapping'
2019-09-13 23:34:21.585  INFO 20672 --- [main] o.s.s.concurrent.ThreadPoolTaskExecutor  : Initializing ExecutorService 'applicationTaskExecutor'
2019-09-13 23:34:21.616 DEBUG 20672 --- [main] s.w.s.m.m.a.RequestMappingHandlerAdapter : ControllerAdvice beans: 0 @ModelAttribute, 0 @InitBinder, 1 RequestBodyAdvice, 1 ResponseBodyAdvice
2019-09-13 23:34:21.641 DEBUG 20672 --- [main] o.s.w.s.handler.SimpleUrlHandlerMapping  : Patterns [/webjars/**, /**] in 'resourceHandlerMapping'
2019-09-13 23:34:21.651 DEBUG 20672 --- [main] .m.m.a.ExceptionHandlerExceptionResolver : ControllerAdvice beans: 0 @ExceptionHandler, 1 ResponseBodyAdvice
2019-09-13 23:34:21.725  INFO 20672 --- [main] d.s.w.p.DocumentationPluginsBootstrapper : Context refreshed
2019-09-13 23:34:21.740  INFO 20672 --- [main] d.s.w.p.DocumentationPluginsBootstrapper : Found 1 custom documentation plugin(s)
2019-09-13 23:34:21.764  INFO 20672 --- [main] s.d.s.w.s.ApiListingReferenceScanner     : Scanning for api listing references
2019-09-13 23:34:21.930  INFO 20672 --- [main] o.s.b.w.embedded.tomcat.TomcatWebServer  : Tomcat started on port(s): 7000 (http) with context path ''
2019-09-13 23:34:21.932  INFO 20672 --- [main] c.s.cloud.file.FileCloudApplication      : Started FileCloudApplication in 3.834 seconds (JVM running for 4.613)
2019-09-13 23:35:18.691  INFO 20672 --- [http-nio-7000-exec-1] o.a.c.c.C.[Tomcat].[localhost].[/]       : Initializing Spring DispatcherServlet 'dispatcherServlet'
2019-09-13 23:35:18.691  INFO 20672 --- [http-nio-7000-exec-1] o.s.web.servlet.DispatcherServlet        : Initializing Servlet 'dispatcherServlet'
2019-09-13 23:35:18.692 DEBUG 20672 --- [http-nio-7000-exec-1] o.s.web.servlet.DispatcherServlet        : Detected StandardServletMultipartResolver
2019-09-13 23:35:18.699 DEBUG 20672 --- [http-nio-7000-exec-1] o.s.web.servlet.DispatcherServlet        : enableLoggingRequestDetails='false': request parameters and headers will be masked to prevent unsafe logging of potentially sensitive data
2019-09-13 23:35:18.699  INFO 20672 --- [http-nio-7000-exec-1] o.s.web.servlet.DispatcherServlet        : Completed initialization in 8 ms
2019-09-13 23:35:18.706 DEBUG 20672 --- [http-nio-7000-exec-1] o.s.web.servlet.DispatcherServlet        : GET "/file-cloud/doc.html", parameters={}
2019-09-13 23:35:18.714 DEBUG 20672 --- [http-nio-7000-exec-1] o.s.w.s.handler.SimpleUrlHandlerMapping  : Mapped to ResourceHttpRequestHandler ["file:E:/SINOTHK/serverVMFiles/sinothk/", "/"]
2019-09-13 23:35:18.718 DEBUG 20672 --- [http-nio-7000-exec-1] o.s.w.s.r.ResourceHttpRequestHandler     : Resource not found
2019-09-13 23:35:18.718 DEBUG 20672 --- [http-nio-7000-exec-1] o.s.web.servlet.DispatcherServlet        : Completed 404 NOT_FOUND
2019-09-13 23:35:18.723 DEBUG 20672 --- [http-nio-7000-exec-1] o.s.web.servlet.DispatcherServlet        : "ERROR" dispatch for GET "/error", parameters={}
2019-09-13 23:35:18.725 DEBUG 20672 --- [http-nio-7000-exec-1] s.w.s.m.m.a.RequestMappingHandlerMapping : Mapped to public org.springframework.web.servlet.ModelAndView org.springframework.boot.autoconfigure.web.servlet.error.BasicErrorController.errorHtml(javax.servlet.http.HttpServletRequest,javax.servlet.http.HttpServletResponse)
2019-09-13 23:35:18.738 DEBUG 20672 --- [http-nio-7000-exec-1] o.s.w.s.v.ContentNegotiatingViewResolver : Selected 'text/html' given [text/html, text/html;q=0.8]
2019-09-13 23:35:18.743 DEBUG 20672 --- [http-nio-7000-exec-1] o.s.web.servlet.DispatcherServlet        : Exiting from "ERROR" dispatch, status 404
2019-09-13 23:38:06.743 DEBUG 20672 --- [http-nio-7000-exec-4] o.s.web.servlet.DispatcherServlet        : GET "/file-cloud/doc.html", parameters={}
2019-09-13 23:38:06.744 DEBUG 20672 --- [http-nio-7000-exec-4] o.s.w.s.handler.SimpleUrlHandlerMapping  : Mapped to ResourceHttpRequestHandler ["file:E:/SINOTHK/serverVMFiles/sinothk/", "/"]
2019-09-13 23:38:06.746 DEBUG 20672 --- [http-nio-7000-exec-4] o.s.w.s.r.ResourceHttpRequestHandler     : Resource not found
2019-09-13 23:38:06.746 DEBUG 20672 --- [http-nio-7000-exec-4] o.s.web.servlet.DispatcherServlet        : Completed 404 NOT_FOUND
2019-09-13 23:38:06.746 DEBUG 20672 --- [http-nio-7000-exec-4] o.s.web.servlet.DispatcherServlet        : "ERROR" dispatch for GET "/error", parameters={}
2019-09-13 23:38:06.747 DEBUG 20672 --- [http-nio-7000-exec-4] s.w.s.m.m.a.RequestMappingHandlerMapping : Mapped to public org.springframework.web.servlet.ModelAndView org.springframework.boot.autoconfigure.web.servlet.error.BasicErrorController.errorHtml(javax.servlet.http.HttpServletRequest,javax.servlet.http.HttpServletResponse)
2019-09-13 23:38:06.748 DEBUG 20672 --- [http-nio-7000-exec-4] o.s.w.s.v.ContentNegotiatingViewResolver : Selected 'text/html' given [text/html, text/html;q=0.8]
2019-09-13 23:38:06.748 DEBUG 20672 --- [http-nio-7000-exec-4] o.s.web.servlet.DispatcherServlet        : Exiting from "ERROR" dispatch, status 404
2019-09-13 23:38:15.612 DEBUG 20672 --- [http-nio-7000-exec-5] o.s.web.servlet.DispatcherServlet        : GET "/doc.html", parameters={}
2019-09-13 23:38:15.614 DEBUG 20672 --- [http-nio-7000-exec-5] o.s.w.s.handler.SimpleUrlHandlerMapping  : Mapped to ResourceHttpRequestHandler ["file:E:/SINOTHK/serverVMFiles/sinothk/", "/"]
2019-09-13 23:38:15.626 DEBUG 20672 --- [http-nio-7000-exec-5] o.s.web.servlet.DispatcherServlet        : Completed 200 OK
2019-09-13 23:38:15.638 DEBUG 20672 --- [http-nio-7000-exec-6] o.s.web.servlet.DispatcherServlet        : GET "/webjars/bycdao-ui/ext/i18n.js", parameters={}
2019-09-13 23:38:15.639 DEBUG 20672 --- [http-nio-7000-exec-6] o.s.w.s.handler.SimpleUrlHandlerMapping  : Mapped to ResourceHttpRequestHandler ["classpath:/META-INF/resources/webjars/"]
2019-09-13 23:38:15.646 DEBUG 20672 --- [http-nio-7000-exec-7] o.s.web.servlet.DispatcherServlet        : GET "/webjars/bycdao-ui/jquery/jquery-1.9.1.min.js", parameters={}
2019-09-13 23:38:15.646 DEBUG 20672 --- [http-nio-7000-exec-6] o.s.web.servlet.DispatcherServlet        : Completed 200 OK
2019-09-13 23:38:15.647 DEBUG 20672 --- [http-nio-7000-exec-9] o.s.web.servlet.DispatcherServlet        : GET "/webjars/bycdao-ui/ace/bootstrap.min.js", parameters={}
2019-09-13 23:38:15.648 DEBUG 20672 --- [http-nio-7000-exec-7] o.s.w.s.handler.SimpleUrlHandlerMapping  : Mapped to ResourceHttpRequestHandler ["classpath:/META-INF/resources/webjars/"]
2019-09-13 23:38:15.648 DEBUG 20672 --- [http-nio-7000-exec-9] o.s.w.s.handler.SimpleUrlHandlerMapping  : Mapped to ResourceHttpRequestHandler ["classpath:/META-INF/resources/webjars/"]
2019-09-13 23:38:15.648 DEBUG 20672 --- [http-nio-7000-exec-10] o.s.web.servlet.DispatcherServlet        : GET "/webjars/bycdao-ui/ace/ace.min.js", parameters={}
2019-09-13 23:38:15.649 DEBUG 20672 --- [http-nio-7000-exec-10] o.s.w.s.handler.SimpleUrlHandlerMapping  : Mapped to ResourceHttpRequestHandler ["classpath:/META-INF/resources/webjars/"]
2019-09-13 23:38:15.649 DEBUG 20672 --- [http-nio-7000-exec-1] o.s.web.servlet.DispatcherServlet        : GET "/webjars/bycdao-ui/layer3.0.3/skin/default/layer.css", parameters={}
2019-09-13 23:38:15.650 DEBUG 20672 --- [http-nio-7000-exec-1] o.s.w.s.handler.SimpleUrlHandlerMapping  : Mapped to ResourceHttpRequestHandler ["classpath:/META-INF/resources/webjars/"]
2019-09-13 23:38:15.652 DEBUG 20672 --- [http-nio-7000-exec-3] o.s.web.servlet.DispatcherServlet        : GET "/webjars/bycdao-ui/highlight/styles/docco.css", parameters={}
2019-09-13 23:38:15.652 DEBUG 20672 --- [http-nio-7000-exec-8] o.s.web.servlet.DispatcherServlet        : GET "/webjars/bycdao-ui/bootstrap/css/bootstrap.min.css", parameters={}
2019-09-13 23:38:15.654 DEBUG 20672 --- [http-nio-7000-exec-8] o.s.w.s.handler.SimpleUrlHandlerMapping  : Mapped to ResourceHttpRequestHandler ["classpath:/META-INF/resources/webjars/"]
2019-09-13 23:38:15.655 DEBUG 20672 --- [http-nio-7000-exec-9] o.s.web.servlet.DispatcherServlet        : Completed 200 OK
2019-09-13 23:38:15.655 DEBUG 20672 --- [http-nio-7000-exec-3] o.s.w.s.handler.SimpleUrlHandlerMapping  : Mapped to ResourceHttpRequestHandler ["classpath:/META-INF/resources/webjars/"]
2019-09-13 23:38:15.657 DEBUG 20672 --- [http-nio-7000-exec-1] o.s.web.servlet.DispatcherServlet        : Completed 200 OK
2019-09-13 23:38:15.659 DEBUG 20672 --- [http-nio-7000-exec-10] o.s.web.servlet.DispatcherServlet        : Completed 200 OK
2019-09-13 23:38:15.660 DEBUG 20672 --- [http-nio-7000-exec-7] o.s.web.servlet.DispatcherServlet        : Completed 200 OK
2019-09-13 23:38:15.660 DEBUG 20672 --- [http-nio-7000-exec-3] o.s.web.servlet.DispatcherServlet        : Completed 200 OK
2019-09-13 23:38:15.666 DEBUG 20672 --- [http-nio-7000-exec-2] o.s.web.servlet.DispatcherServlet        : GET "/webjars/bycdao-ui/highlight/styles/style.css", parameters={}
2019-09-13 23:38:15.667 DEBUG 20672 --- [http-nio-7000-exec-2] o.s.w.s.handler.SimpleUrlHandlerMapping  : Mapped to ResourceHttpRequestHandler ["classpath:/META-INF/resources/webjars/"]
2019-09-13 23:38:15.670 DEBUG 20672 --- [http-nio-7000-exec-1] o.s.web.servlet.DispatcherServlet        : GET "/webjars/bycdao-ui/cdao/swaggerbootstrapui.css?v=1.9.3", parameters={masked}
2019-09-13 23:38:15.672 DEBUG 20672 --- [http-nio-7000-exec-1] o.s.w.s.handler.SimpleUrlHandlerMapping  : Mapped to ResourceHttpRequestHandler ["classpath:/META-INF/resources/webjars/"]
2019-09-13 23:38:15.673 DEBUG 20672 --- [http-nio-7000-exec-2] o.s.web.servlet.DispatcherServlet        : Completed 200 OK
2019-09-13 23:38:15.674 DEBUG 20672 --- [http-nio-7000-exec-8] o.s.web.servlet.DispatcherServlet        : Completed 200 OK
2019-09-13 23:38:15.674 DEBUG 20672 --- [http-nio-7000-exec-4] o.s.web.servlet.DispatcherServlet        : GET "/webjars/bycdao-ui/highlight/styles/default.css", parameters={}
2019-09-13 23:38:15.675 DEBUG 20672 --- [http-nio-7000-exec-5] o.s.web.servlet.DispatcherServlet        : GET "/webjars/bycdao-ui/layui/css/layui.css", parameters={}
2019-09-13 23:38:15.675 DEBUG 20672 --- [http-nio-7000-exec-9] o.s.web.servlet.DispatcherServlet        : GET "/webjars/bycdao-ui/images/api.ico", parameters={}
2019-09-13 23:38:15.676 DEBUG 20672 --- [http-nio-7000-exec-4] o.s.w.s.handler.SimpleUrlHandlerMapping  : Mapped to ResourceHttpRequestHandler ["classpath:/META-INF/resources/webjars/"]
2019-09-13 23:38:15.677 DEBUG 20672 --- [http-nio-7000-exec-9] o.s.w.s.handler.SimpleUrlHandlerMapping  : Mapped to ResourceHttpRequestHandler ["classpath:/META-INF/resources/webjars/"]
2019-09-13 23:38:15.678 DEBUG 20672 --- [http-nio-7000-exec-2] o.s.web.servlet.DispatcherServlet        : GET "/webjars/bycdao-ui/ext/sbuadmin.css", parameters={}
2019-09-13 23:38:15.678 DEBUG 20672 --- [http-nio-7000-exec-10] o.s.web.servlet.DispatcherServlet        : GET "/webjars/bycdao-ui/bootstrap-tabx/css/bootstrap-tabs-x.min.css", parameters={}
2019-09-13 23:38:15.678 DEBUG 20672 --- [http-nio-7000-exec-5] o.s.w.s.handler.SimpleUrlHandlerMapping  : Mapped to ResourceHttpRequestHandler ["classpath:/META-INF/resources/webjars/"]
2019-09-13 23:38:15.679 DEBUG 20672 --- [http-nio-7000-exec-2] o.s.w.s.handler.SimpleUrlHandlerMapping  : Mapped to ResourceHttpRequestHandler ["classpath:/META-INF/resources/webjars/"]
2019-09-13 23:38:15.679 DEBUG 20672 --- [http-nio-7000-exec-6] o.s.web.servlet.DispatcherServlet        : GET "/webjars/bycdao-ui/iconfont/iconfont.css", parameters={}
2019-09-13 23:38:15.679 DEBUG 20672 --- [http-nio-7000-exec-10] o.s.w.s.handler.SimpleUrlHandlerMapping  : Mapped to ResourceHttpRequestHandler ["classpath:/META-INF/resources/webjars/"]
2019-09-13 23:38:15.679 DEBUG 20672 --- [http-nio-7000-exec-6] o.s.w.s.handler.SimpleUrlHandlerMapping  : Mapped to ResourceHttpRequestHandler ["classpath:/META-INF/resources/webjars/"]
2019-09-13 23:38:15.682 DEBUG 20672 --- [http-nio-7000-exec-4] o.s.web.servlet.DispatcherServlet        : Completed 200 OK
2019-09-13 23:38:15.682 DEBUG 20672 --- [http-nio-7000-exec-1] o.s.web.servlet.DispatcherServlet        : Completed 200 OK
2019-09-13 23:38:15.683 DEBUG 20672 --- [http-nio-7000-exec-2] o.s.web.servlet.DispatcherServlet        : Completed 200 OK
2019-09-13 23:38:15.685 DEBUG 20672 --- [http-nio-7000-exec-10] o.s.web.servlet.DispatcherServlet        : Completed 200 OK
2019-09-13 23:38:15.686 DEBUG 20672 --- [http-nio-7000-exec-6] o.s.web.servlet.DispatcherServlet        : Completed 200 OK
2019-09-13 23:38:15.686 DEBUG 20672 --- [http-nio-7000-exec-4] o.s.web.servlet.DispatcherServlet        : GET "/webjars/bycdao-ui/cdao/swaggerbootstrapui-md.css?v=1.9.3", parameters={masked}
2019-09-13 23:38:15.687 DEBUG 20672 --- [http-nio-7000-exec-7] o.s.web.servlet.DispatcherServlet        : GET "/webjars/bycdao-ui/layer3.0.3/layer.js", parameters={}
2019-09-13 23:38:15.687 DEBUG 20672 --- [http-nio-7000-exec-3] o.s.web.servlet.DispatcherServlet        : GET "/webjars/bycdao-ui/jquery/clipboard/clipboard.min.js", parameters={}
2019-09-13 23:38:15.687 DEBUG 20672 --- [http-nio-7000-exec-5] o.s.web.servlet.DispatcherServlet        : Completed 200 OK
2019-09-13 23:38:15.688 DEBUG 20672 --- [http-nio-7000-exec-4] o.s.w.s.handler.SimpleUrlHandlerMapping  : Mapped to ResourceHttpRequestHandler ["classpath:/META-INF/resources/webjars/"]
2019-09-13 23:38:15.688 DEBUG 20672 --- [http-nio-7000-exec-7] o.s.w.s.handler.SimpleUrlHandlerMapping  : Mapped to ResourceHttpRequestHandler ["classpath:/META-INF/resources/webjars/"]
2019-09-13 23:38:15.688 DEBUG 20672 --- [http-nio-7000-exec-3] o.s.w.s.handler.SimpleUrlHandlerMapping  : Mapped to ResourceHttpRequestHandler ["classpath:/META-INF/resources/webjars/"]
2019-09-13 23:38:15.690 DEBUG 20672 --- [http-nio-7000-exec-4] o.s.web.servlet.DispatcherServlet        : Completed 200 OK
2019-09-13 23:38:15.690 DEBUG 20672 --- [http-nio-7000-exec-3] o.s.web.servlet.DispatcherServlet        : Completed 200 OK
2019-09-13 23:38:15.690 DEBUG 20672 --- [http-nio-7000-exec-7] o.s.web.servlet.DispatcherServlet        : Completed 200 OK
2019-09-13 23:38:15.695 DEBUG 20672 --- [http-nio-7000-exec-2] o.s.web.servlet.DispatcherServlet        : GET "/webjars/bycdao-ui/jquery/marked.js", parameters={}
2019-09-13 23:38:15.695 DEBUG 20672 --- [http-nio-7000-exec-1] o.s.web.servlet.DispatcherServlet        : GET "/webjars/bycdao-ui/jquery/template-web.js", parameters={}
2019-09-13 23:38:15.695 DEBUG 20672 --- [http-nio-7000-exec-8] o.s.web.servlet.DispatcherServlet        : GET "/webjars/bycdao-ui/highlight/highlight.pack.js", parameters={}
2019-09-13 23:38:15.696 DEBUG 20672 --- [http-nio-7000-exec-1] o.s.w.s.handler.SimpleUrlHandlerMapping  : Mapped to ResourceHttpRequestHandler ["classpath:/META-INF/resources/webjars/"]
2019-09-13 23:38:15.696 DEBUG 20672 --- [http-nio-7000-exec-2] o.s.w.s.handler.SimpleUrlHandlerMapping  : Mapped to ResourceHttpRequestHandler ["classpath:/META-INF/resources/webjars/"]
2019-09-13 23:38:15.697 DEBUG 20672 --- [http-nio-7000-exec-9] o.s.web.servlet.DispatcherServlet        : Completed 200 OK
2019-09-13 23:38:15.698 DEBUG 20672 --- [http-nio-7000-exec-8] o.s.w.s.handler.SimpleUrlHandlerMapping  : Mapped to ResourceHttpRequestHandler ["classpath:/META-INF/resources/webjars/"]
2019-09-13 23:38:15.700 DEBUG 20672 --- [http-nio-7000-exec-1] o.s.web.servlet.DispatcherServlet        : Completed 200 OK
2019-09-13 23:38:15.700 DEBUG 20672 --- [http-nio-7000-exec-2] o.s.web.servlet.DispatcherServlet        : Completed 200 OK
2019-09-13 23:38:15.701 DEBUG 20672 --- [http-nio-7000-exec-6] o.s.web.servlet.DispatcherServlet        : GET "/webjars/bycdao-ui/bootstrap-tabx/js/bootstrap-tabs-x.min.js", parameters={}
2019-09-13 23:38:15.701 DEBUG 20672 --- [http-nio-7000-exec-10] o.s.web.servlet.DispatcherServlet        : GET "/webjars/bycdao-ui/jquery/axios.min.js", parameters={}
2019-09-13 23:38:15.701 DEBUG 20672 --- [http-nio-7000-exec-5] o.s.web.servlet.DispatcherServlet        : GET "/webjars/bycdao-ui/layui/layui.js", parameters={}
2019-09-13 23:38:15.702 DEBUG 20672 --- [http-nio-7000-exec-10] o.s.w.s.handler.SimpleUrlHandlerMapping  : Mapped to ResourceHttpRequestHandler ["classpath:/META-INF/resources/webjars/"]
2019-09-13 23:38:15.702 DEBUG 20672 --- [http-nio-7000-exec-6] o.s.w.s.handler.SimpleUrlHandlerMapping  : Mapped to ResourceHttpRequestHandler ["classpath:/META-INF/resources/webjars/"]
2019-09-13 23:38:15.702 DEBUG 20672 --- [http-nio-7000-exec-5] o.s.w.s.handler.SimpleUrlHandlerMapping  : Mapped to ResourceHttpRequestHandler ["classpath:/META-INF/resources/webjars/"]
2019-09-13 23:38:15.703 DEBUG 20672 --- [http-nio-7000-exec-8] o.s.web.servlet.DispatcherServlet        : Completed 200 OK
2019-09-13 23:38:15.705 DEBUG 20672 --- [http-nio-7000-exec-5] o.s.web.servlet.DispatcherServlet        : Completed 200 OK
2019-09-13 23:38:15.705 DEBUG 20672 --- [http-nio-7000-exec-6] o.s.web.servlet.DispatcherServlet        : Completed 200 OK
2019-09-13 23:38:15.705 DEBUG 20672 --- [http-nio-7000-exec-10] o.s.web.servlet.DispatcherServlet        : Completed 200 OK
2019-09-13 23:38:15.707 DEBUG 20672 --- [http-nio-7000-exec-3] o.s.web.servlet.DispatcherServlet        : GET "/webjars/bycdao-ui/jquery/showdown.min.js", parameters={}
2019-09-13 23:38:15.707 DEBUG 20672 --- [http-nio-7000-exec-7] o.s.web.servlet.DispatcherServlet        : GET "/webjars/bycdao-ui/ace-editor/ace.js", parameters={}
2019-09-13 23:38:15.708 DEBUG 20672 --- [http-nio-7000-exec-7] o.s.w.s.handler.SimpleUrlHandlerMapping  : Mapped to ResourceHttpRequestHandler ["classpath:/META-INF/resources/webjars/"]
2019-09-13 23:38:15.708 DEBUG 20672 --- [http-nio-7000-exec-3] o.s.w.s.handler.SimpleUrlHandlerMapping  : Mapped to ResourceHttpRequestHandler ["classpath:/META-INF/resources/webjars/"]
2019-09-13 23:38:15.710 DEBUG 20672 --- [http-nio-7000-exec-4] o.s.web.servlet.DispatcherServlet        : GET "/webjars/bycdao-ui/jquery/async.min.js", parameters={}
2019-09-13 23:38:15.711 DEBUG 20672 --- [http-nio-7000-exec-9] o.s.web.servlet.DispatcherServlet        : GET "/webjars/bycdao-ui/jquery/md5.min.js", parameters={}
2019-09-13 23:38:15.712 DEBUG 20672 --- [http-nio-7000-exec-9] o.s.w.s.handler.SimpleUrlHandlerMapping  : Mapped to ResourceHttpRequestHandler ["classpath:/META-INF/resources/webjars/"]
2019-09-13 23:38:15.712 DEBUG 20672 --- [http-nio-7000-exec-1] o.s.web.servlet.DispatcherServlet        : GET "/webjars/bycdao-ui/cdao/swaggerbootstrapui.js?v=1.9.3", parameters={masked}
2019-09-13 23:38:15.712 DEBUG 20672 --- [http-nio-7000-exec-4] o.s.w.s.handler.SimpleUrlHandlerMapping  : Mapped to ResourceHttpRequestHandler ["classpath:/META-INF/resources/webjars/"]
2019-09-13 23:38:15.713 DEBUG 20672 --- [http-nio-7000-exec-1] o.s.w.s.handler.SimpleUrlHandlerMapping  : Mapped to ResourceHttpRequestHandler ["classpath:/META-INF/resources/webjars/"]
2019-09-13 23:38:15.716 DEBUG 20672 --- [http-nio-7000-exec-9] o.s.web.servlet.DispatcherServlet        : Completed 200 OK
2019-09-13 23:38:15.717 DEBUG 20672 --- [http-nio-7000-exec-3] o.s.web.servlet.DispatcherServlet        : Completed 200 OK
2019-09-13 23:38:15.720 DEBUG 20672 --- [http-nio-7000-exec-4] o.s.web.servlet.DispatcherServlet        : Completed 200 OK
2019-09-13 23:38:15.723 DEBUG 20672 --- [http-nio-7000-exec-1] o.s.web.servlet.DispatcherServlet        : Completed 200 OK
2019-09-13 23:38:15.726 DEBUG 20672 --- [http-nio-7000-exec-7] o.s.web.servlet.DispatcherServlet        : Completed 200 OK
2019-09-13 23:38:15.753 DEBUG 20672 --- [http-nio-7000-exec-2] o.s.web.servlet.DispatcherServlet        : GET "/webjars/bycdao-ui/layer3.0.3/skin/default/layer.css?v=3.0.3303", parameters={masked}
2019-09-13 23:38:15.754 DEBUG 20672 --- [http-nio-7000-exec-2] o.s.w.s.handler.SimpleUrlHandlerMapping  : Mapped to ResourceHttpRequestHandler ["classpath:/META-INF/resources/webjars/"]
2019-09-13 23:38:15.756 DEBUG 20672 --- [http-nio-7000-exec-2] o.s.web.servlet.DispatcherServlet        : Completed 200 OK
2019-09-13 23:38:15.924 DEBUG 20672 --- [http-nio-7000-exec-8] o.s.web.servlet.DispatcherServlet        : GET "/webjars/bycdao-ui/ext/sbuadmin.js", parameters={}
2019-09-13 23:38:15.925 DEBUG 20672 --- [http-nio-7000-exec-8] o.s.w.s.handler.SimpleUrlHandlerMapping  : Mapped to ResourceHttpRequestHandler ["classpath:/META-INF/resources/webjars/"]
2019-09-13 23:38:15.928 DEBUG 20672 --- [http-nio-7000-exec-8] o.s.web.servlet.DispatcherServlet        : Completed 200 OK
2019-09-13 23:38:15.966 DEBUG 20672 --- [http-nio-7000-exec-5] o.s.web.servlet.DispatcherServlet        : GET "/webjars/bycdao-ui/layui/lay/modules/layer.js", parameters={}
2019-09-13 23:38:15.967 DEBUG 20672 --- [http-nio-7000-exec-5] o.s.w.s.handler.SimpleUrlHandlerMapping  : Mapped to ResourceHttpRequestHandler ["classpath:/META-INF/resources/webjars/"]
2019-09-13 23:38:15.970 DEBUG 20672 --- [http-nio-7000-exec-5] o.s.web.servlet.DispatcherServlet        : Completed 200 OK
2019-09-13 23:38:15.977 DEBUG 20672 --- [http-nio-7000-exec-6] o.s.web.servlet.DispatcherServlet        : GET "/webjars/bycdao-ui/layui/css/modules/layer/default/layer.css?v=3.1.1", parameters={masked}
2019-09-13 23:38:15.977 DEBUG 20672 --- [http-nio-7000-exec-10] o.s.web.servlet.DispatcherServlet        : GET "/webjars/bycdao-ui/layui/lay/modules/element.js", parameters={}
2019-09-13 23:38:15.978 DEBUG 20672 --- [http-nio-7000-exec-6] o.s.w.s.handler.SimpleUrlHandlerMapping  : Mapped to ResourceHttpRequestHandler ["classpath:/META-INF/resources/webjars/"]
2019-09-13 23:38:15.978 DEBUG 20672 --- [http-nio-7000-exec-10] o.s.w.s.handler.SimpleUrlHandlerMapping  : Mapped to ResourceHttpRequestHandler ["classpath:/META-INF/resources/webjars/"]
2019-09-13 23:38:15.980 DEBUG 20672 --- [http-nio-7000-exec-6] o.s.web.servlet.DispatcherServlet        : Completed 200 OK
2019-09-13 23:38:15.981 DEBUG 20672 --- [http-nio-7000-exec-10] o.s.web.servlet.DispatcherServlet        : Completed 200 OK
2019-09-13 23:38:16.005 DEBUG 20672 --- [http-nio-7000-exec-9] o.s.web.servlet.DispatcherServlet        : GET "/webjars/bycdao-ui/ext/treetable.js", parameters={}
2019-09-13 23:38:16.006 DEBUG 20672 --- [http-nio-7000-exec-9] o.s.w.s.handler.SimpleUrlHandlerMapping  : Mapped to ResourceHttpRequestHandler ["classpath:/META-INF/resources/webjars/"]
2019-09-13 23:38:16.009 DEBUG 20672 --- [http-nio-7000-exec-9] o.s.web.servlet.DispatcherServlet        : Completed 200 OK
2019-09-13 23:38:16.014 DEBUG 20672 --- [http-nio-7000-exec-3] o.s.web.servlet.DispatcherServlet        : GET "/webjars/bycdao-ui/layui/lay/modules/table.js", parameters={}
2019-09-13 23:38:16.014 DEBUG 20672 --- [http-nio-7000-exec-3] o.s.w.s.handler.SimpleUrlHandlerMapping  : Mapped to ResourceHttpRequestHandler ["classpath:/META-INF/resources/webjars/"]
2019-09-13 23:38:16.016 DEBUG 20672 --- [http-nio-7000-exec-3] o.s.web.servlet.DispatcherServlet        : Completed 200 OK
2019-09-13 23:38:16.023 DEBUG 20672 --- [http-nio-7000-exec-4] o.s.web.servlet.DispatcherServlet        : GET "/webjars/bycdao-ui/layui/lay/modules/laytpl.js", parameters={}
2019-09-13 23:38:16.025 DEBUG 20672 --- [http-nio-7000-exec-4] o.s.w.s.handler.SimpleUrlHandlerMapping  : Mapped to ResourceHttpRequestHandler ["classpath:/META-INF/resources/webjars/"]
2019-09-13 23:38:16.027 DEBUG 20672 --- [http-nio-7000-exec-4] o.s.web.servlet.DispatcherServlet        : Completed 200 OK
2019-09-13 23:38:16.030 DEBUG 20672 --- [http-nio-7000-exec-1] o.s.web.servlet.DispatcherServlet        : GET "/webjars/bycdao-ui/layui/lay/modules/laypage.js", parameters={}
2019-09-13 23:38:16.031 DEBUG 20672 --- [http-nio-7000-exec-1] o.s.w.s.handler.SimpleUrlHandlerMapping  : Mapped to ResourceHttpRequestHandler ["classpath:/META-INF/resources/webjars/"]
2019-09-13 23:38:16.033 DEBUG 20672 --- [http-nio-7000-exec-1] o.s.web.servlet.DispatcherServlet        : Completed 200 OK
2019-09-13 23:38:16.037 DEBUG 20672 --- [http-nio-7000-exec-7] o.s.web.servlet.DispatcherServlet        : GET "/webjars/bycdao-ui/layui/lay/modules/form.js", parameters={}
2019-09-13 23:38:16.038 DEBUG 20672 --- [http-nio-7000-exec-7] o.s.w.s.handler.SimpleUrlHandlerMapping  : Mapped to ResourceHttpRequestHandler ["classpath:/META-INF/resources/webjars/"]
2019-09-13 23:38:16.043 DEBUG 20672 --- [http-nio-7000-exec-7] o.s.web.servlet.DispatcherServlet        : Completed 200 OK
2019-09-13 23:38:16.047 DEBUG 20672 --- [http-nio-7000-exec-2] o.s.web.servlet.DispatcherServlet        : GET "/webjars/bycdao-ui/layui/lay/modules/util.js", parameters={}
2019-09-13 23:38:16.048 DEBUG 20672 --- [http-nio-7000-exec-2] o.s.w.s.handler.SimpleUrlHandlerMapping  : Mapped to ResourceHttpRequestHandler ["classpath:/META-INF/resources/webjars/"]
2019-09-13 23:38:16.050 DEBUG 20672 --- [http-nio-7000-exec-2] o.s.web.servlet.DispatcherServlet        : Completed 200 OK
2019-09-13 23:38:16.061 DEBUG 20672 --- [http-nio-7000-exec-8] o.s.web.servlet.DispatcherServlet        : GET "/webjars/bycdao-ui/ext/treetable-lay/treetable.css", parameters={}
2019-09-13 23:38:16.061 DEBUG 20672 --- [http-nio-7000-exec-8] o.s.w.s.handler.SimpleUrlHandlerMapping  : Mapped to ResourceHttpRequestHandler ["classpath:/META-INF/resources/webjars/"]
2019-09-13 23:38:16.063 DEBUG 20672 --- [http-nio-7000-exec-8] o.s.web.servlet.DispatcherServlet        : Completed 200 OK
2019-09-13 23:38:16.083 DEBUG 20672 --- [http-nio-7000-exec-5] o.s.web.servlet.DispatcherServlet        : GET "/swagger-resources", parameters={}
2019-09-13 23:38:16.083 DEBUG 20672 --- [http-nio-7000-exec-5] s.w.s.m.m.a.RequestMappingHandlerMapping : Mapped to public org.springframework.http.ResponseEntity<java.util.List<springfox.documentation.swagger.web.SwaggerResource>> springfox.documentation.swagger.web.ApiResourceController.swaggerResources()
2019-09-13 23:38:16.094 DEBUG 20672 --- [http-nio-7000-exec-5] o.s.w.s.m.m.a.HttpEntityMethodProcessor  : Using 'application/json', given [application/json, text/javascript, */*;q=0.01] and supported [application/json, application/*+json, application/json, application/*+json]
2019-09-13 23:38:16.094 DEBUG 20672 --- [http-nio-7000-exec-5] o.s.w.s.m.m.a.HttpEntityMethodProcessor  : Writing [[springfox.documentation.swagger.web.SwaggerResource@36aa2077]]
2019-09-13 23:38:16.122 DEBUG 20672 --- [http-nio-7000-exec-5] o.s.web.servlet.DispatcherServlet        : Completed 200 OK
2019-09-13 23:38:16.135 DEBUG 20672 --- [http-nio-7000-exec-6] o.s.web.servlet.DispatcherServlet        : GET "/v2/api-docs?group=%E7%B3%BB%E7%BB%9F%E6%8E%A5%E5%8F%A3", parameters={masked}
2019-09-13 23:38:16.242 DEBUG 20672 --- [http-nio-7000-exec-6] o.s.w.s.m.m.a.HttpEntityMethodProcessor  : Using 'application/json', given [application/json, text/javascript, */*;q=0.01] and supported [application/json, application/*+json, application/json, application/*+json]
2019-09-13 23:38:16.242 DEBUG 20672 --- [http-nio-7000-exec-6] o.s.w.s.m.m.a.HttpEntityMethodProcessor  : Writing [springfox.documentation.spring.web.json.Json@33bce532]
2019-09-13 23:38:16.243 DEBUG 20672 --- [http-nio-7000-exec-6] o.s.web.servlet.DispatcherServlet        : Completed 200 OK
2019-09-13 23:40:34.104  INFO 14992 --- [main] c.s.cloud.file.FileCloudApplication      : Starting FileCloudApplication on PC-201809130123 with PID 14992 (F:\SINOTHK\IT\Workspace\Clouds\FileCloud\target\classes started by Administrator in F:\SINOTHK\IT\Workspace\Clouds\FileCloud)
2019-09-13 23:40:34.108 DEBUG 14992 --- [main] c.s.cloud.file.FileCloudApplication      : Running with Spring Boot v2.1.8.RELEASE, Spring v5.1.9.RELEASE
2019-09-13 23:40:34.109  INFO 14992 --- [main] c.s.cloud.file.FileCloudApplication      : No active profile set, falling back to default profiles: default
2019-09-13 23:40:35.197  INFO 14992 --- [main] trationDelegate$BeanPostProcessorChecker : Bean 'org.springframework.transaction.annotation.ProxyTransactionManagementConfiguration' of type [org.springframework.transaction.annotation.ProxyTransactionManagementConfiguration$$EnhancerBySpringCGLIB$$7bae2c7a] is not eligible for getting processed by all BeanPostProcessors (for example: not eligible for auto-proxying)
2019-09-13 23:40:35.441  INFO 14992 --- [main] o.s.b.w.embedded.tomcat.TomcatWebServer  : Tomcat initialized with port(s): 7000 (http)
2019-09-13 23:40:35.461  INFO 14992 --- [main] o.apache.catalina.core.StandardService   : Starting service [Tomcat]
2019-09-13 23:40:35.461  INFO 14992 --- [main] org.apache.catalina.core.StandardEngine  : Starting Servlet engine: [Apache Tomcat/9.0.24]
2019-09-13 23:40:35.468  INFO 14992 --- [main] o.a.catalina.core.AprLifecycleListener   : An older version [1.2.14] of the APR based Apache Tomcat Native library is installed, while Tomcat recommends a minimum version of [1.2.23]
2019-09-13 23:40:35.468  INFO 14992 --- [main] o.a.catalina.core.AprLifecycleListener   : Loaded APR based Apache Tomcat Native library [1.2.14] using APR version [1.6.2].
2019-09-13 23:40:35.468  INFO 14992 --- [main] o.a.catalina.core.AprLifecycleListener   : APR capabilities: IPv6 [true], sendfile [true], accept filters [false], random [true].
2019-09-13 23:40:35.468  INFO 14992 --- [main] o.a.catalina.core.AprLifecycleListener   : APR/OpenSSL configuration: useAprConnector [false], useOpenSSL [true]
2019-09-13 23:40:36.570  INFO 14992 --- [main] o.a.catalina.core.AprLifecycleListener   : OpenSSL successfully initialized [OpenSSL 1.0.2l  25 May 2017]
2019-09-13 23:40:36.673  INFO 14992 --- [main] o.a.c.c.C.[.[localhost].[/fileCloud]     : Initializing Spring embedded WebApplicationContext
2019-09-13 23:40:36.673 DEBUG 14992 --- [main] o.s.web.context.ContextLoader            : Published root WebApplicationContext as ServletContext attribute with name [org.springframework.web.context.WebApplicationContext.ROOT]
2019-09-13 23:40:36.673  INFO 14992 --- [main] o.s.web.context.ContextLoader            : Root WebApplicationContext: initialization completed in 2478 ms
2019-09-13 23:40:36.848  INFO 14992 --- [main] com.zaxxer.hikari.HikariDataSource       : HikariPool-1 - Starting...
2019-09-13 23:40:36.968  INFO 14992 --- [main] com.zaxxer.hikari.HikariDataSource       : HikariPool-1 - Start completed.
2019-09-13 23:40:37.450 DEBUG 14992 --- [main] s.w.s.m.m.a.RequestMappingHandlerMapping : 12 mappings in 'requestMappingHandlerMapping'
2019-09-13 23:40:37.512  INFO 14992 --- [main] pertySourcedRequestMappingHandlerMapping : Mapped URL path [/v2/api-docs] onto method [public org.springframework.http.ResponseEntity<springfox.documentation.spring.web.json.Json> springfox.documentation.swagger2.web.Swagger2Controller.getDocumentation(java.lang.String,javax.servlet.http.HttpServletRequest)]
2019-09-13 23:40:37.561 DEBUG 14992 --- [main] o.s.w.s.handler.SimpleUrlHandlerMapping  : Patterns [/**/favicon.ico] in 'faviconHandlerMapping'
2019-09-13 23:40:37.641  INFO 14992 --- [main] o.s.s.concurrent.ThreadPoolTaskExecutor  : Initializing ExecutorService 'applicationTaskExecutor'
2019-09-13 23:40:37.681 DEBUG 14992 --- [main] s.w.s.m.m.a.RequestMappingHandlerAdapter : ControllerAdvice beans: 0 @ModelAttribute, 0 @InitBinder, 1 RequestBodyAdvice, 1 ResponseBodyAdvice
2019-09-13 23:40:37.711 DEBUG 14992 --- [main] o.s.w.s.handler.SimpleUrlHandlerMapping  : Patterns [/webjars/**, /**] in 'resourceHandlerMapping'
2019-09-13 23:40:37.720 DEBUG 14992 --- [main] .m.m.a.ExceptionHandlerExceptionResolver : ControllerAdvice beans: 0 @ExceptionHandler, 1 ResponseBodyAdvice
2019-09-13 23:40:37.812  INFO 14992 --- [main] d.s.w.p.DocumentationPluginsBootstrapper : Context refreshed
2019-09-13 23:40:37.829  INFO 14992 --- [main] d.s.w.p.DocumentationPluginsBootstrapper : Found 1 custom documentation plugin(s)
2019-09-13 23:40:37.864  INFO 14992 --- [main] s.d.s.w.s.ApiListingReferenceScanner     : Scanning for api listing references
2019-09-13 23:40:38.071  INFO 14992 --- [main] o.s.b.w.embedded.tomcat.TomcatWebServer  : Tomcat started on port(s): 7000 (http) with context path '/fileCloud'
2019-09-13 23:40:38.074  INFO 14992 --- [main] c.s.cloud.file.FileCloudApplication      : Started FileCloudApplication in 4.378 seconds (JVM running for 5.838)
2019-09-13 23:41:12.773  INFO 14992 --- [http-nio-7000-exec-1] o.a.c.c.C.[.[localhost].[/fileCloud]     : Initializing Spring DispatcherServlet 'dispatcherServlet'
2019-09-13 23:41:12.773  INFO 14992 --- [http-nio-7000-exec-1] o.s.web.servlet.DispatcherServlet        : Initializing Servlet 'dispatcherServlet'
2019-09-13 23:41:12.773 DEBUG 14992 --- [http-nio-7000-exec-1] o.s.web.servlet.DispatcherServlet        : Detected StandardServletMultipartResolver
2019-09-13 23:41:12.781 DEBUG 14992 --- [http-nio-7000-exec-1] o.s.web.servlet.DispatcherServlet        : enableLoggingRequestDetails='false': request parameters and headers will be masked to prevent unsafe logging of potentially sensitive data
2019-09-13 23:41:12.781  INFO 14992 --- [http-nio-7000-exec-1] o.s.web.servlet.DispatcherServlet        : Completed initialization in 8 ms
2019-09-13 23:41:12.791 DEBUG 14992 --- [http-nio-7000-exec-1] o.s.web.servlet.DispatcherServlet        : GET "/fileCloud/doc.html", parameters={}
2019-09-13 23:41:12.801 DEBUG 14992 --- [http-nio-7000-exec-1] o.s.w.s.handler.SimpleUrlHandlerMapping  : Mapped to ResourceHttpRequestHandler ["file:E:/SINOTHK/serverVMFiles/sinothk/", "/"]
2019-09-13 23:41:12.824 DEBUG 14992 --- [http-nio-7000-exec-1] o.s.web.servlet.DispatcherServlet        : Completed 200 OK
2019-09-13 23:41:12.835 DEBUG 14992 --- [http-nio-7000-exec-2] o.s.web.servlet.DispatcherServlet        : GET "/fileCloud/webjars/bycdao-ui/ext/i18n.js", parameters={}
2019-09-13 23:41:12.837 DEBUG 14992 --- [http-nio-7000-exec-2] o.s.w.s.handler.SimpleUrlHandlerMapping  : Mapped to ResourceHttpRequestHandler ["classpath:/META-INF/resources/webjars/"]
2019-09-13 23:41:12.838 DEBUG 14992 --- [http-nio-7000-exec-3] o.s.web.servlet.DispatcherServlet        : GET "/fileCloud/webjars/bycdao-ui/jquery/jquery-1.9.1.min.js", parameters={}
2019-09-13 23:41:12.841 DEBUG 14992 --- [http-nio-7000-exec-3] o.s.w.s.handler.SimpleUrlHandlerMapping  : Mapped to ResourceHttpRequestHandler ["classpath:/META-INF/resources/webjars/"]
2019-09-13 23:41:12.843 DEBUG 14992 --- [http-nio-7000-exec-2] o.s.web.servlet.DispatcherServlet        : Completed 200 OK
2019-09-13 23:41:12.843 DEBUG 14992 --- [http-nio-7000-exec-4] o.s.web.servlet.DispatcherServlet        : GET "/fileCloud/webjars/bycdao-ui/ace/bootstrap.min.js", parameters={}
2019-09-13 23:41:12.844 DEBUG 14992 --- [http-nio-7000-exec-5] o.s.web.servlet.DispatcherServlet        : GET "/fileCloud/webjars/bycdao-ui/ace/ace.min.js", parameters={}
2019-09-13 23:41:12.844 DEBUG 14992 --- [http-nio-7000-exec-6] o.s.web.servlet.DispatcherServlet        : GET "/fileCloud/webjars/bycdao-ui/bootstrap/css/bootstrap.min.css", parameters={}
2019-09-13 23:41:12.844 DEBUG 14992 --- [http-nio-7000-exec-7] o.s.web.servlet.DispatcherServlet        : GET "/fileCloud/webjars/bycdao-ui/layer3.0.3/skin/default/layer.css", parameters={}
2019-09-13 23:41:12.846 DEBUG 14992 --- [http-nio-7000-exec-5] o.s.w.s.handler.SimpleUrlHandlerMapping  : Mapped to ResourceHttpRequestHandler ["classpath:/META-INF/resources/webjars/"]
2019-09-13 23:41:12.846 DEBUG 14992 --- [http-nio-7000-exec-4] o.s.w.s.handler.SimpleUrlHandlerMapping  : Mapped to ResourceHttpRequestHandler ["classpath:/META-INF/resources/webjars/"]
2019-09-13 23:41:12.846 DEBUG 14992 --- [http-nio-7000-exec-7] o.s.w.s.handler.SimpleUrlHandlerMapping  : Mapped to ResourceHttpRequestHandler ["classpath:/META-INF/resources/webjars/"]
2019-09-13 23:41:12.847 DEBUG 14992 --- [http-nio-7000-exec-6] o.s.w.s.handler.SimpleUrlHandlerMapping  : Mapped to ResourceHttpRequestHandler ["classpath:/META-INF/resources/webjars/"]
2019-09-13 23:41:12.849 DEBUG 14992 --- [http-nio-7000-exec-3] o.s.web.servlet.DispatcherServlet        : Completed 200 OK
2019-09-13 23:41:12.850 DEBUG 14992 --- [http-nio-7000-exec-4] o.s.web.servlet.DispatcherServlet        : Completed 200 OK
2019-09-13 23:41:12.850 DEBUG 14992 --- [http-nio-7000-exec-5] o.s.web.servlet.DispatcherServlet        : Completed 200 OK
2019-09-13 23:41:12.850 DEBUG 14992 --- [http-nio-7000-exec-7] o.s.web.servlet.DispatcherServlet        : Completed 200 OK
2019-09-13 23:41:12.853 DEBUG 14992 --- [http-nio-7000-exec-6] o.s.web.servlet.DispatcherServlet        : Completed 200 OK
2019-09-13 23:41:12.868 DEBUG 14992 --- [http-nio-7000-exec-8] o.s.web.servlet.DispatcherServlet        : GET "/fileCloud/webjars/bycdao-ui/images/api.ico", parameters={}
2019-09-13 23:41:12.869 DEBUG 14992 --- [http-nio-7000-exec-1] o.s.web.servlet.DispatcherServlet        : GET "/fileCloud/webjars/bycdao-ui/highlight/styles/default.css", parameters={}
2019-09-13 23:41:12.870 DEBUG 14992 --- [http-nio-7000-exec-10] o.s.web.servlet.DispatcherServlet        : GET "/fileCloud/webjars/bycdao-ui/highlight/styles/style.css", parameters={}
2019-09-13 23:41:12.870 DEBUG 14992 --- [http-nio-7000-exec-9] o.s.web.servlet.DispatcherServlet        : GET "/fileCloud/webjars/bycdao-ui/highlight/styles/docco.css", parameters={}
2019-09-13 23:41:12.871 DEBUG 14992 --- [http-nio-7000-exec-8] o.s.w.s.handler.SimpleUrlHandlerMapping  : Mapped to ResourceHttpRequestHandler ["classpath:/META-INF/resources/webjars/"]
2019-09-13 23:41:12.871 DEBUG 14992 --- [http-nio-7000-exec-1] o.s.w.s.handler.SimpleUrlHandlerMapping  : Mapped to ResourceHttpRequestHandler ["classpath:/META-INF/resources/webjars/"]
2019-09-13 23:41:12.872 DEBUG 14992 --- [http-nio-7000-exec-2] o.s.web.servlet.DispatcherServlet        : GET "/fileCloud/webjars/bycdao-ui/cdao/swaggerbootstrapui.css?v=1.9.3", parameters={masked}
2019-09-13 23:41:12.872 DEBUG 14992 --- [http-nio-7000-exec-9] o.s.w.s.handler.SimpleUrlHandlerMapping  : Mapped to ResourceHttpRequestHandler ["classpath:/META-INF/resources/webjars/"]
2019-09-13 23:41:12.873 DEBUG 14992 --- [http-nio-7000-exec-2] o.s.w.s.handler.SimpleUrlHandlerMapping  : Mapped to ResourceHttpRequestHandler ["classpath:/META-INF/resources/webjars/"]
2019-09-13 23:41:12.874 DEBUG 14992 --- [http-nio-7000-exec-9] o.s.web.servlet.DispatcherServlet        : Completed 200 OK
2019-09-13 23:41:12.876 DEBUG 14992 --- [http-nio-7000-exec-10] o.s.w.s.handler.SimpleUrlHandlerMapping  : Mapped to ResourceHttpRequestHandler ["classpath:/META-INF/resources/webjars/"]
2019-09-13 23:41:12.876 DEBUG 14992 --- [http-nio-7000-exec-3] o.s.web.servlet.DispatcherServlet        : GET "/fileCloud/webjars/bycdao-ui/iconfont/iconfont.css", parameters={}
2019-09-13 23:41:12.876 DEBUG 14992 --- [http-nio-7000-exec-9] o.s.web.servlet.DispatcherServlet        : GET "/fileCloud/webjars/bycdao-ui/layui/css/layui.css", parameters={}
2019-09-13 23:41:12.877 DEBUG 14992 --- [http-nio-7000-exec-3] o.s.w.s.handler.SimpleUrlHandlerMapping  : Mapped to ResourceHttpRequestHandler ["classpath:/META-INF/resources/webjars/"]
2019-09-13 23:41:12.877 DEBUG 14992 --- [http-nio-7000-exec-9] o.s.w.s.handler.SimpleUrlHandlerMapping  : Mapped to ResourceHttpRequestHandler ["classpath:/META-INF/resources/webjars/"]
2019-09-13 23:41:12.879 DEBUG 14992 --- [http-nio-7000-exec-1] o.s.web.servlet.DispatcherServlet        : Completed 200 OK
2019-09-13 23:41:12.881 DEBUG 14992 --- [http-nio-7000-exec-10] o.s.web.servlet.DispatcherServlet        : Completed 200 OK
2019-09-13 23:41:12.883 DEBUG 14992 --- [http-nio-7000-exec-10] o.s.web.servlet.DispatcherServlet        : GET "/fileCloud/webjars/bycdao-ui/cdao/swaggerbootstrapui-md.css?v=1.9.3", parameters={masked}
2019-09-13 23:41:12.883 DEBUG 14992 --- [http-nio-7000-exec-2] o.s.web.servlet.DispatcherServlet        : Completed 200 OK
2019-09-13 23:41:12.885 DEBUG 14992 --- [http-nio-7000-exec-5] o.s.web.servlet.DispatcherServlet        : GET "/fileCloud/webjars/bycdao-ui/ext/sbuadmin.css", parameters={}
2019-09-13 23:41:12.886 DEBUG 14992 --- [http-nio-7000-exec-5] o.s.w.s.handler.SimpleUrlHandlerMapping  : Mapped to ResourceHttpRequestHandler ["classpath:/META-INF/resources/webjars/"]
2019-09-13 23:41:12.886 DEBUG 14992 --- [http-nio-7000-exec-7] o.s.web.servlet.DispatcherServlet        : GET "/fileCloud/webjars/bycdao-ui/bootstrap-tabx/css/bootstrap-tabs-x.min.css", parameters={}
2019-09-13 23:41:12.887 DEBUG 14992 --- [http-nio-7000-exec-10] o.s.w.s.handler.SimpleUrlHandlerMapping  : Mapped to ResourceHttpRequestHandler ["classpath:/META-INF/resources/webjars/"]
2019-09-13 23:41:12.888 DEBUG 14992 --- [http-nio-7000-exec-7] o.s.w.s.handler.SimpleUrlHandlerMapping  : Mapped to ResourceHttpRequestHandler ["classpath:/META-INF/resources/webjars/"]
2019-09-13 23:41:12.889 DEBUG 14992 --- [http-nio-7000-exec-6] o.s.web.servlet.DispatcherServlet        : GET "/fileCloud/webjars/bycdao-ui/jquery/clipboard/clipboard.min.js", parameters={}
2019-09-13 23:41:12.890 DEBUG 14992 --- [http-nio-7000-exec-6] o.s.w.s.handler.SimpleUrlHandlerMapping  : Mapped to ResourceHttpRequestHandler ["classpath:/META-INF/resources/webjars/"]
2019-09-13 23:41:12.893 DEBUG 14992 --- [http-nio-7000-exec-7] o.s.web.servlet.DispatcherServlet        : Completed 200 OK
2019-09-13 23:41:12.896 DEBUG 14992 --- [http-nio-7000-exec-4] o.s.web.servlet.DispatcherServlet        : GET "/fileCloud/webjars/bycdao-ui/layer3.0.3/layer.js", parameters={}
2019-09-13 23:41:12.896 DEBUG 14992 --- [http-nio-7000-exec-9] o.s.web.servlet.DispatcherServlet        : Completed 200 OK
2019-09-13 23:41:12.897 DEBUG 14992 --- [http-nio-7000-exec-4] o.s.w.s.handler.SimpleUrlHandlerMapping  : Mapped to ResourceHttpRequestHandler ["classpath:/META-INF/resources/webjars/"]
2019-09-13 23:41:12.897 DEBUG 14992 --- [http-nio-7000-exec-5] o.s.web.servlet.DispatcherServlet        : Completed 200 OK
2019-09-13 23:41:12.898 DEBUG 14992 --- [http-nio-7000-exec-6] o.s.web.servlet.DispatcherServlet        : Completed 200 OK
2019-09-13 23:41:12.898 DEBUG 14992 --- [http-nio-7000-exec-1] o.s.web.servlet.DispatcherServlet        : GET "/fileCloud/webjars/bycdao-ui/highlight/highlight.pack.js", parameters={}
2019-09-13 23:41:12.899 DEBUG 14992 --- [http-nio-7000-exec-1] o.s.w.s.handler.SimpleUrlHandlerMapping  : Mapped to ResourceHttpRequestHandler ["classpath:/META-INF/resources/webjars/"]
2019-09-13 23:41:12.900 DEBUG 14992 --- [http-nio-7000-exec-8] o.s.web.servlet.DispatcherServlet        : Completed 200 OK
2019-09-13 23:41:12.898 DEBUG 14992 --- [http-nio-7000-exec-3] o.s.web.servlet.DispatcherServlet        : Completed 200 OK
2019-09-13 23:41:12.902 DEBUG 14992 --- [http-nio-7000-exec-8] o.s.web.servlet.DispatcherServlet        : GET "/fileCloud/webjars/bycdao-ui/jquery/template-web.js", parameters={}
2019-09-13 23:41:12.903 DEBUG 14992 --- [http-nio-7000-exec-8] o.s.w.s.handler.SimpleUrlHandlerMapping  : Mapped to ResourceHttpRequestHandler ["classpath:/META-INF/resources/webjars/"]
2019-09-13 23:41:12.905 DEBUG 14992 --- [http-nio-7000-exec-4] o.s.web.servlet.DispatcherServlet        : Completed 200 OK
2019-09-13 23:41:12.907 DEBUG 14992 --- [http-nio-7000-exec-1] o.s.web.servlet.DispatcherServlet        : Completed 200 OK
2019-09-13 23:41:12.907 DEBUG 14992 --- [http-nio-7000-exec-3] o.s.web.servlet.DispatcherServlet        : GET "/fileCloud/webjars/bycdao-ui/jquery/marked.js", parameters={}
2019-09-13 23:41:12.908 DEBUG 14992 --- [http-nio-7000-exec-2] o.s.web.servlet.DispatcherServlet        : GET "/fileCloud/webjars/bycdao-ui/jquery/axios.min.js", parameters={}
2019-09-13 23:41:12.908 DEBUG 14992 --- [http-nio-7000-exec-3] o.s.w.s.handler.SimpleUrlHandlerMapping  : Mapped to ResourceHttpRequestHandler ["classpath:/META-INF/resources/webjars/"]
2019-09-13 23:41:12.908 DEBUG 14992 --- [http-nio-7000-exec-1] o.s.web.servlet.DispatcherServlet        : GET "/fileCloud/webjars/bycdao-ui/layui/layui.js", parameters={}
2019-09-13 23:41:12.909 DEBUG 14992 --- [http-nio-7000-exec-9] o.s.web.servlet.DispatcherServlet        : GET "/fileCloud/webjars/bycdao-ui/bootstrap-tabx/js/bootstrap-tabs-x.min.js", parameters={}
2019-09-13 23:41:12.909 DEBUG 14992 --- [http-nio-7000-exec-2] o.s.w.s.handler.SimpleUrlHandlerMapping  : Mapped to ResourceHttpRequestHandler ["classpath:/META-INF/resources/webjars/"]
2019-09-13 23:41:12.910 DEBUG 14992 --- [http-nio-7000-exec-1] o.s.w.s.handler.SimpleUrlHandlerMapping  : Mapped to ResourceHttpRequestHandler ["classpath:/META-INF/resources/webjars/"]
2019-09-13 23:41:12.910 DEBUG 14992 --- [http-nio-7000-exec-9] o.s.w.s.handler.SimpleUrlHandlerMapping  : Mapped to ResourceHttpRequestHandler ["classpath:/META-INF/resources/webjars/"]
2019-09-13 23:41:12.910 DEBUG 14992 --- [http-nio-7000-exec-10] o.s.web.servlet.DispatcherServlet        : Completed 200 OK
2019-09-13 23:41:12.911 DEBUG 14992 --- [http-nio-7000-exec-8] o.s.web.servlet.DispatcherServlet        : Completed 200 OK
2019-09-13 23:41:12.911 DEBUG 14992 --- [http-nio-7000-exec-10] o.s.web.servlet.DispatcherServlet        : GET "/fileCloud/webjars/bycdao-ui/ace-editor/ace.js", parameters={}
2019-09-13 23:41:12.912 DEBUG 14992 --- [http-nio-7000-exec-8] o.s.web.servlet.DispatcherServlet        : GET "/fileCloud/webjars/bycdao-ui/jquery/showdown.min.js", parameters={}
2019-09-13 23:41:12.912 DEBUG 14992 --- [http-nio-7000-exec-10] o.s.w.s.handler.SimpleUrlHandlerMapping  : Mapped to ResourceHttpRequestHandler ["classpath:/META-INF/resources/webjars/"]
2019-09-13 23:41:12.913 DEBUG 14992 --- [http-nio-7000-exec-8] o.s.w.s.handler.SimpleUrlHandlerMapping  : Mapped to ResourceHttpRequestHandler ["classpath:/META-INF/resources/webjars/"]
2019-09-13 23:41:12.915 DEBUG 14992 --- [http-nio-7000-exec-3] o.s.web.servlet.DispatcherServlet        : Completed 200 OK
2019-09-13 23:41:12.915 DEBUG 14992 --- [http-nio-7000-exec-9] o.s.web.servlet.DispatcherServlet        : Completed 200 OK
2019-09-13 23:41:12.916 DEBUG 14992 --- [http-nio-7000-exec-3] o.s.web.servlet.DispatcherServlet        : GET "/fileCloud/webjars/bycdao-ui/jquery/async.min.js", parameters={}
2019-09-13 23:41:12.917 DEBUG 14992 --- [http-nio-7000-exec-1] o.s.web.servlet.DispatcherServlet        : Completed 200 OK
2019-09-13 23:41:12.920 DEBUG 14992 --- [http-nio-7000-exec-3] o.s.w.s.handler.SimpleUrlHandlerMapping  : Mapped to ResourceHttpRequestHandler ["classpath:/META-INF/resources/webjars/"]
2019-09-13 23:41:12.922 DEBUG 14992 --- [http-nio-7000-exec-5] o.s.web.servlet.DispatcherServlet        : GET "/fileCloud/webjars/bycdao-ui/jquery/md5.min.js", parameters={}
2019-09-13 23:41:12.922 DEBUG 14992 --- [http-nio-7000-exec-8] o.s.web.servlet.DispatcherServlet        : Completed 200 OK
2019-09-13 23:41:12.923 DEBUG 14992 --- [http-nio-7000-exec-5] o.s.w.s.handler.SimpleUrlHandlerMapping  : Mapped to ResourceHttpRequestHandler ["classpath:/META-INF/resources/webjars/"]
2019-09-13 23:41:12.923 DEBUG 14992 --- [http-nio-7000-exec-2] o.s.web.servlet.DispatcherServlet        : Completed 200 OK
2019-09-13 23:41:12.926 DEBUG 14992 --- [http-nio-7000-exec-2] o.s.web.servlet.DispatcherServlet        : GET "/fileCloud/webjars/bycdao-ui/cdao/swaggerbootstrapui.js?v=1.9.3", parameters={masked}
2019-09-13 23:41:12.927 DEBUG 14992 --- [http-nio-7000-exec-2] o.s.w.s.handler.SimpleUrlHandlerMapping  : Mapped to ResourceHttpRequestHandler ["classpath:/META-INF/resources/webjars/"]
2019-09-13 23:41:12.926 DEBUG 14992 --- [http-nio-7000-exec-3] o.s.web.servlet.DispatcherServlet        : Completed 200 OK
2019-09-13 23:41:12.926 DEBUG 14992 --- [http-nio-7000-exec-5] o.s.web.servlet.DispatcherServlet        : Completed 200 OK
2019-09-13 23:41:12.939 DEBUG 14992 --- [http-nio-7000-exec-2] o.s.web.servlet.DispatcherServlet        : Completed 200 OK
2019-09-13 23:41:12.940 DEBUG 14992 --- [http-nio-7000-exec-10] o.s.web.servlet.DispatcherServlet        : Completed 200 OK
2019-09-13 23:41:12.964 DEBUG 14992 --- [http-nio-7000-exec-7] o.s.web.servlet.DispatcherServlet        : GET "/fileCloud/webjars/bycdao-ui/layer3.0.3/skin/default/layer.css?v=3.0.3303", parameters={masked}
2019-09-13 23:41:12.964 DEBUG 14992 --- [http-nio-7000-exec-7] o.s.w.s.handler.SimpleUrlHandlerMapping  : Mapped to ResourceHttpRequestHandler ["classpath:/META-INF/resources/webjars/"]
2019-09-13 23:41:12.966 DEBUG 14992 --- [http-nio-7000-exec-7] o.s.web.servlet.DispatcherServlet        : Completed 200 OK
2019-09-13 23:41:13.101 DEBUG 14992 --- [http-nio-7000-exec-4] o.s.web.servlet.DispatcherServlet        : GET "/fileCloud/webjars/bycdao-ui/ext/sbuadmin.js", parameters={}
2019-09-13 23:41:13.102 DEBUG 14992 --- [http-nio-7000-exec-4] o.s.w.s.handler.SimpleUrlHandlerMapping  : Mapped to ResourceHttpRequestHandler ["classpath:/META-INF/resources/webjars/"]
2019-09-13 23:41:13.106 DEBUG 14992 --- [http-nio-7000-exec-4] o.s.web.servlet.DispatcherServlet        : Completed 200 OK
2019-09-13 23:41:13.131 DEBUG 14992 --- [http-nio-7000-exec-9] o.s.web.servlet.DispatcherServlet        : GET "/fileCloud/webjars/bycdao-ui/layui/lay/modules/layer.js", parameters={}
2019-09-13 23:41:13.132 DEBUG 14992 --- [http-nio-7000-exec-9] o.s.w.s.handler.SimpleUrlHandlerMapping  : Mapped to ResourceHttpRequestHandler ["classpath:/META-INF/resources/webjars/"]
2019-09-13 23:41:13.135 DEBUG 14992 --- [http-nio-7000-exec-9] o.s.web.servlet.DispatcherServlet        : Completed 200 OK
2019-09-13 23:41:13.139 DEBUG 14992 --- [http-nio-7000-exec-1] o.s.web.servlet.DispatcherServlet        : GET "/fileCloud/webjars/bycdao-ui/layui/css/modules/layer/default/layer.css?v=3.1.1", parameters={masked}
2019-09-13 23:41:13.140 DEBUG 14992 --- [http-nio-7000-exec-8] o.s.web.servlet.DispatcherServlet        : GET "/fileCloud/webjars/bycdao-ui/layui/lay/modules/element.js", parameters={}
2019-09-13 23:41:13.140 DEBUG 14992 --- [http-nio-7000-exec-1] o.s.w.s.handler.SimpleUrlHandlerMapping  : Mapped to ResourceHttpRequestHandler ["classpath:/META-INF/resources/webjars/"]
2019-09-13 23:41:13.140 DEBUG 14992 --- [http-nio-7000-exec-8] o.s.w.s.handler.SimpleUrlHandlerMapping  : Mapped to ResourceHttpRequestHandler ["classpath:/META-INF/resources/webjars/"]
2019-09-13 23:41:13.143 DEBUG 14992 --- [http-nio-7000-exec-1] o.s.web.servlet.DispatcherServlet        : Completed 200 OK
2019-09-13 23:41:13.143 DEBUG 14992 --- [http-nio-7000-exec-8] o.s.web.servlet.DispatcherServlet        : Completed 200 OK
2019-09-13 23:41:13.164 DEBUG 14992 --- [http-nio-7000-exec-6] o.s.web.servlet.DispatcherServlet        : GET "/fileCloud/webjars/bycdao-ui/ext/treetable.js", parameters={}
2019-09-13 23:41:13.164 DEBUG 14992 --- [http-nio-7000-exec-6] o.s.w.s.handler.SimpleUrlHandlerMapping  : Mapped to ResourceHttpRequestHandler ["classpath:/META-INF/resources/webjars/"]
2019-09-13 23:41:13.166 DEBUG 14992 --- [http-nio-7000-exec-6] o.s.web.servlet.DispatcherServlet        : Completed 200 OK
2019-09-13 23:41:13.169 DEBUG 14992 --- [http-nio-7000-exec-3] o.s.web.servlet.DispatcherServlet        : GET "/fileCloud/webjars/bycdao-ui/layui/lay/modules/table.js", parameters={}
2019-09-13 23:41:13.170 DEBUG 14992 --- [http-nio-7000-exec-3] o.s.w.s.handler.SimpleUrlHandlerMapping  : Mapped to ResourceHttpRequestHandler ["classpath:/META-INF/resources/webjars/"]
2019-09-13 23:41:13.172 DEBUG 14992 --- [http-nio-7000-exec-3] o.s.web.servlet.DispatcherServlet        : Completed 200 OK
2019-09-13 23:41:13.177 DEBUG 14992 --- [http-nio-7000-exec-5] o.s.web.servlet.DispatcherServlet        : GET "/fileCloud/webjars/bycdao-ui/layui/lay/modules/laytpl.js", parameters={}
2019-09-13 23:41:13.178 DEBUG 14992 --- [http-nio-7000-exec-5] o.s.w.s.handler.SimpleUrlHandlerMapping  : Mapped to ResourceHttpRequestHandler ["classpath:/META-INF/resources/webjars/"]
2019-09-13 23:41:13.182 DEBUG 14992 --- [http-nio-7000-exec-5] o.s.web.servlet.DispatcherServlet        : Completed 200 OK
2019-09-13 23:41:13.185 DEBUG 14992 --- [http-nio-7000-exec-2] o.s.web.servlet.DispatcherServlet        : GET "/fileCloud/webjars/bycdao-ui/layui/lay/modules/laypage.js", parameters={}
2019-09-13 23:41:13.185 DEBUG 14992 --- [http-nio-7000-exec-2] o.s.w.s.handler.SimpleUrlHandlerMapping  : Mapped to ResourceHttpRequestHandler ["classpath:/META-INF/resources/webjars/"]
2019-09-13 23:41:13.187 DEBUG 14992 --- [http-nio-7000-exec-2] o.s.web.servlet.DispatcherServlet        : Completed 200 OK
2019-09-13 23:41:13.189 DEBUG 14992 --- [http-nio-7000-exec-10] o.s.web.servlet.DispatcherServlet        : GET "/fileCloud/webjars/bycdao-ui/layui/lay/modules/form.js", parameters={}
2019-09-13 23:41:13.190 DEBUG 14992 --- [http-nio-7000-exec-10] o.s.w.s.handler.SimpleUrlHandlerMapping  : Mapped to ResourceHttpRequestHandler ["classpath:/META-INF/resources/webjars/"]
2019-09-13 23:41:13.193 DEBUG 14992 --- [http-nio-7000-exec-10] o.s.web.servlet.DispatcherServlet        : Completed 200 OK
2019-09-13 23:41:13.199 DEBUG 14992 --- [http-nio-7000-exec-7] o.s.web.servlet.DispatcherServlet        : GET "/fileCloud/webjars/bycdao-ui/layui/lay/modules/util.js", parameters={}
2019-09-13 23:41:13.199 DEBUG 14992 --- [http-nio-7000-exec-7] o.s.w.s.handler.SimpleUrlHandlerMapping  : Mapped to ResourceHttpRequestHandler ["classpath:/META-INF/resources/webjars/"]
2019-09-13 23:41:13.201 DEBUG 14992 --- [http-nio-7000-exec-7] o.s.web.servlet.DispatcherServlet        : Completed 200 OK
2019-09-13 23:41:13.206 DEBUG 14992 --- [http-nio-7000-exec-4] o.s.web.servlet.DispatcherServlet        : GET "/fileCloud/webjars/bycdao-ui/ext/treetable-lay/treetable.css", parameters={}
2019-09-13 23:41:13.207 DEBUG 14992 --- [http-nio-7000-exec-4] o.s.w.s.handler.SimpleUrlHandlerMapping  : Mapped to ResourceHttpRequestHandler ["classpath:/META-INF/resources/webjars/"]
2019-09-13 23:41:13.211 DEBUG 14992 --- [http-nio-7000-exec-4] o.s.web.servlet.DispatcherServlet        : Completed 200 OK
2019-09-13 23:41:13.218 DEBUG 14992 --- [http-nio-7000-exec-9] o.s.web.servlet.DispatcherServlet        : GET "/fileCloud/swagger-resources", parameters={}
2019-09-13 23:41:13.220 DEBUG 14992 --- [http-nio-7000-exec-9] s.w.s.m.m.a.RequestMappingHandlerMapping : Mapped to public org.springframework.http.ResponseEntity<java.util.List<springfox.documentation.swagger.web.SwaggerResource>> springfox.documentation.swagger.web.ApiResourceController.swaggerResources()
2019-09-13 23:41:13.236 DEBUG 14992 --- [http-nio-7000-exec-9] o.s.w.s.m.m.a.HttpEntityMethodProcessor  : Using 'application/json', given [application/json, text/javascript, */*;q=0.01] and supported [application/json, application/*+json, application/json, application/*+json]
2019-09-13 23:41:13.237 DEBUG 14992 --- [http-nio-7000-exec-9] o.s.w.s.m.m.a.HttpEntityMethodProcessor  : Writing [[springfox.documentation.swagger.web.SwaggerResource@49241d1b]]
2019-09-13 23:41:13.261 DEBUG 14992 --- [http-nio-7000-exec-9] o.s.web.servlet.DispatcherServlet        : Completed 200 OK
2019-09-13 23:41:13.285 DEBUG 14992 --- [http-nio-7000-exec-8] o.s.web.servlet.DispatcherServlet        : GET "/fileCloud/v2/api-docs?group=%E7%B3%BB%E7%BB%9F%E6%8E%A5%E5%8F%A3", parameters={masked}
2019-09-13 23:41:13.436 DEBUG 14992 --- [http-nio-7000-exec-8] o.s.w.s.m.m.a.HttpEntityMethodProcessor  : Using 'application/json', given [application/json, text/javascript, */*;q=0.01] and supported [application/json, application/*+json, application/json, application/*+json]
2019-09-13 23:41:13.436 DEBUG 14992 --- [http-nio-7000-exec-8] o.s.w.s.m.m.a.HttpEntityMethodProcessor  : Writing [springfox.documentation.spring.web.json.Json@10afeb93]
2019-09-13 23:41:13.437 DEBUG 14992 --- [http-nio-7000-exec-8] o.s.web.servlet.DispatcherServlet        : Completed 200 OK
2019-09-13 23:41:55.018 DEBUG 14992 --- [http-nio-7000-exec-1] o.s.web.servlet.DispatcherServlet        : GET "/fileCloud/doc.html", parameters={}
2019-09-13 23:41:55.019 DEBUG 14992 --- [http-nio-7000-exec-1] o.s.w.s.handler.SimpleUrlHandlerMapping  : Mapped to ResourceHttpRequestHandler ["file:E:/SINOTHK/serverVMFiles/sinothk/", "/"]
2019-09-13 23:41:55.023 DEBUG 14992 --- [http-nio-7000-exec-1] o.s.web.servlet.DispatcherServlet        : Completed 304 NOT_MODIFIED
2019-09-13 23:41:55.059 DEBUG 14992 --- [http-nio-7000-exec-6] o.s.web.servlet.DispatcherServlet        : GET "/fileCloud/webjars/bycdao-ui/images/api.ico", parameters={}
2019-09-13 23:41:55.060 DEBUG 14992 --- [http-nio-7000-exec-6] o.s.w.s.handler.SimpleUrlHandlerMapping  : Mapped to ResourceHttpRequestHandler ["classpath:/META-INF/resources/webjars/"]
2019-09-13 23:41:55.065 DEBUG 14992 --- [http-nio-7000-exec-6] o.s.web.servlet.DispatcherServlet        : Completed 200 OK
2019-09-13 23:41:55.304 DEBUG 14992 --- [http-nio-7000-exec-3] o.s.web.servlet.DispatcherServlet        : GET "/fileCloud/swagger-resources", parameters={}
2019-09-13 23:41:55.305 DEBUG 14992 --- [http-nio-7000-exec-3] s.w.s.m.m.a.RequestMappingHandlerMapping : Mapped to public org.springframework.http.ResponseEntity<java.util.List<springfox.documentation.swagger.web.SwaggerResource>> springfox.documentation.swagger.web.ApiResourceController.swaggerResources()
2019-09-13 23:41:55.306 DEBUG 14992 --- [http-nio-7000-exec-3] o.s.w.s.m.m.a.HttpEntityMethodProcessor  : Using 'application/json', given [application/json, text/javascript, */*;q=0.01] and supported [application/json, application/*+json, application/json, application/*+json]
2019-09-13 23:41:55.306 DEBUG 14992 --- [http-nio-7000-exec-3] o.s.w.s.m.m.a.HttpEntityMethodProcessor  : Writing [[springfox.documentation.swagger.web.SwaggerResource@7bcbe438]]
2019-09-13 23:41:55.307 DEBUG 14992 --- [http-nio-7000-exec-3] o.s.web.servlet.DispatcherServlet        : Completed 200 OK
2019-09-13 23:41:55.316 DEBUG 14992 --- [http-nio-7000-exec-5] o.s.web.servlet.DispatcherServlet        : GET "/fileCloud/v2/api-docs?group=%E7%B3%BB%E7%BB%9F%E6%8E%A5%E5%8F%A3", parameters={masked}
2019-09-13 23:41:55.325 DEBUG 14992 --- [http-nio-7000-exec-5] o.s.w.s.m.m.a.HttpEntityMethodProcessor  : Using 'application/json', given [application/json, text/javascript, */*;q=0.01] and supported [application/json, application/*+json, application/json, application/*+json]
2019-09-13 23:41:55.325 DEBUG 14992 --- [http-nio-7000-exec-5] o.s.w.s.m.m.a.HttpEntityMethodProcessor  : Writing [springfox.documentation.spring.web.json.Json@25ea35b1]
2019-09-13 23:41:55.325 DEBUG 14992 --- [http-nio-7000-exec-5] o.s.web.servlet.DispatcherServlet        : Completed 200 OK
